<!DOCTYPE html>
<html>
<head>
<meta http-equiv="Content-Type" content="text/html; charset=utf-8"/>
<meta http-equiv="x-ua-compatible" content="IE=edge"/>
<title>Test results - Class dao.Sql2oRestaurantDaoTest</title>
<link href="../css/base-style.css" rel="stylesheet" type="text/css"/>
<link href="../css/style.css" rel="stylesheet" type="text/css"/>
<script src="../js/report.js" type="text/javascript"></script>
</head>
<body>
<div id="content">
<h1>Class dao.Sql2oRestaurantDaoTest</h1>
<div class="breadcrumbs">
<a href="../index.html">all</a> &gt; 
<a href="../packages/dao.html">dao</a> &gt; Sql2oRestaurantDaoTest</div>
<div id="summary">
<table>
<tr>
<td>
<div class="summaryGroup">
<table>
<tr>
<td>
<div class="infoBox" id="tests">
<div class="counter">8</div>
<p>tests</p>
</div>
</td>
<td>
<div class="infoBox" id="failures">
<div class="counter">8</div>
<p>failures</p>
</div>
</td>
<td>
<div class="infoBox" id="ignored">
<div class="counter">0</div>
<p>ignored</p>
</div>
</td>
<td>
<div class="infoBox" id="duration">
<div class="counter">0.254s</div>
<p>duration</p>
</div>
</td>
</tr>
</table>
</div>
</td>
<td>
<div class="infoBox failures" id="successRate">
<div class="percent">0%</div>
<p>successful</p>
</div>
</td>
</tr>
</table>
</div>
<div id="tabs">
<ul class="tabLinks">
<li>
<a href="#tab0">Failed tests</a>
</li>
<li>
<a href="#tab1">Tests</a>
</li>
</ul>
<div id="tab0" class="tab">
<h2>Failed tests</h2>
<div class="test">
<a name="RestaurantReturnsFoodtypesCorrectly"></a>
<h3 class="failures">RestaurantReturnsFoodtypesCorrectly</h3>
<span class="code">
<pre>org.sql2o.Sql2oException: Could not acquire a connection from DataSource - Syntax error in SQL statement &quot;

CREATE TABLE IF NOT EXISTS REVIEWS (
 ID INT PRIMARY KEY AUTO_INCREMENT,
 WRITTENBY VARCHAR,
 CONTENT VARCHAR,
 RATING VARCHAR,
 RESTAURANTID INTEGER
 CREATEDAT[*] BIGINT
) &quot;; expected &quot;(, FOR, UNSIGNED, NOT, NULL, AS, DEFAULT, GENERATED, NOT, NULL, AUTO_INCREMENT, BIGSERIAL, SERIAL, IDENTITY, NULL_TO_DEFAULT, SEQUENCE, SELECTIVITY, COMMENT, CONSTRAINT, PRIMARY, UNIQUE, NOT, NULL, CHECK, REFERENCES, ,, )&quot;; SQL statement:


CREATE TABLE IF NOT EXISTS reviews (
 id int PRIMARY KEY auto_increment,
 writtenby VARCHAR,
 content VARCHAR,
 rating VARCHAR,
 restaurantid INTEGER
 createdat BIGINT
) [42001-191]
	at app//org.sql2o.Connection.createConnection(Connection.java:291)
	at app//org.sql2o.Connection.&lt;init&gt;(Connection.java:51)
	at app//org.sql2o.Sql2o.open(Sql2o.java:225)
	at app//dao.Sql2oRestaurantDaoTest.setUp(Sql2oRestaurantDaoTest.java:29)
	at java.base@11.0.17/jdk.internal.reflect.NativeMethodAccessorImpl.invoke0(Native Method)
	at java.base@11.0.17/jdk.internal.reflect.NativeMethodAccessorImpl.invoke(NativeMethodAccessorImpl.java:62)
	at java.base@11.0.17/jdk.internal.reflect.DelegatingMethodAccessorImpl.invoke(DelegatingMethodAccessorImpl.java:43)
	at java.base@11.0.17/java.lang.reflect.Method.invoke(Method.java:566)
	at app//org.junit.runners.model.FrameworkMethod$1.runReflectiveCall(FrameworkMethod.java:50)
	at app//org.junit.internal.runners.model.ReflectiveCallable.run(ReflectiveCallable.java:12)
	at app//org.junit.runners.model.FrameworkMethod.invokeExplosively(FrameworkMethod.java:47)
	at app//org.junit.internal.runners.statements.RunBefores.evaluate(RunBefores.java:24)
	at app//org.junit.internal.runners.statements.RunAfters.evaluate(RunAfters.java:27)
	at app//org.junit.runners.ParentRunner.runLeaf(ParentRunner.java:325)
	at app//org.junit.runners.BlockJUnit4ClassRunner.runChild(BlockJUnit4ClassRunner.java:78)
	at app//org.junit.runners.BlockJUnit4ClassRunner.runChild(BlockJUnit4ClassRunner.java:57)
	at app//org.junit.runners.ParentRunner$3.run(ParentRunner.java:290)
	at app//org.junit.runners.ParentRunner$1.schedule(ParentRunner.java:71)
	at app//org.junit.runners.ParentRunner.runChildren(ParentRunner.java:288)
	at app//org.junit.runners.ParentRunner.access$000(ParentRunner.java:58)
	at app//org.junit.runners.ParentRunner$2.evaluate(ParentRunner.java:268)
	at app//org.junit.runners.ParentRunner.run(ParentRunner.java:363)
	at org.gradle.api.internal.tasks.testing.junit.JUnitTestClassExecutor.runTestClass(JUnitTestClassExecutor.java:110)
	at org.gradle.api.internal.tasks.testing.junit.JUnitTestClassExecutor.execute(JUnitTestClassExecutor.java:58)
	at org.gradle.api.internal.tasks.testing.junit.JUnitTestClassExecutor.execute(JUnitTestClassExecutor.java:38)
	at org.gradle.api.internal.tasks.testing.junit.AbstractJUnitTestClassProcessor.processTestClass(AbstractJUnitTestClassProcessor.java:62)
	at org.gradle.api.internal.tasks.testing.SuiteTestClassProcessor.processTestClass(SuiteTestClassProcessor.java:51)
	at java.base@11.0.17/jdk.internal.reflect.NativeMethodAccessorImpl.invoke0(Native Method)
	at java.base@11.0.17/jdk.internal.reflect.NativeMethodAccessorImpl.invoke(NativeMethodAccessorImpl.java:62)
	at java.base@11.0.17/jdk.internal.reflect.DelegatingMethodAccessorImpl.invoke(DelegatingMethodAccessorImpl.java:43)
	at java.base@11.0.17/java.lang.reflect.Method.invoke(Method.java:566)
	at org.gradle.internal.dispatch.ReflectionDispatch.dispatch(ReflectionDispatch.java:36)
	at org.gradle.internal.dispatch.ReflectionDispatch.dispatch(ReflectionDispatch.java:24)
	at org.gradle.internal.dispatch.ContextClassLoaderDispatch.dispatch(ContextClassLoaderDispatch.java:33)
	at org.gradle.internal.dispatch.ProxyDispatchAdapter$DispatchingInvocationHandler.invoke(ProxyDispatchAdapter.java:94)
	at com.sun.proxy.$Proxy2.processTestClass(Unknown Source)
	at org.gradle.api.internal.tasks.testing.worker.TestWorker$2.run(TestWorker.java:176)
	at org.gradle.api.internal.tasks.testing.worker.TestWorker.executeAndMaintainThreadName(TestWorker.java:129)
	at org.gradle.api.internal.tasks.testing.worker.TestWorker.execute(TestWorker.java:100)
	at org.gradle.api.internal.tasks.testing.worker.TestWorker.execute(TestWorker.java:60)
	at org.gradle.process.internal.worker.child.ActionExecutionWorker.execute(ActionExecutionWorker.java:56)
	at org.gradle.process.internal.worker.child.SystemApplicationClassLoaderWorker.call(SystemApplicationClassLoaderWorker.java:133)
	at org.gradle.process.internal.worker.child.SystemApplicationClassLoaderWorker.call(SystemApplicationClassLoaderWorker.java:71)
	at app//worker.org.gradle.process.internal.worker.GradleWorkerMain.run(GradleWorkerMain.java:69)
	at app//worker.org.gradle.process.internal.worker.GradleWorkerMain.main(GradleWorkerMain.java:74)
Caused by: org.h2.jdbc.JdbcSQLException: Syntax error in SQL statement &quot;

CREATE TABLE IF NOT EXISTS REVIEWS (
 ID INT PRIMARY KEY AUTO_INCREMENT,
 WRITTENBY VARCHAR,
 CONTENT VARCHAR,
 RATING VARCHAR,
 RESTAURANTID INTEGER
 CREATEDAT[*] BIGINT
) &quot;; expected &quot;(, FOR, UNSIGNED, NOT, NULL, AS, DEFAULT, GENERATED, NOT, NULL, AUTO_INCREMENT, BIGSERIAL, SERIAL, IDENTITY, NULL_TO_DEFAULT, SEQUENCE, SELECTIVITY, COMMENT, CONSTRAINT, PRIMARY, UNIQUE, NOT, NULL, CHECK, REFERENCES, ,, )&quot;; SQL statement:


CREATE TABLE IF NOT EXISTS reviews (
 id int PRIMARY KEY auto_increment,
 writtenby VARCHAR,
 content VARCHAR,
 rating VARCHAR,
 restaurantid INTEGER
 createdat BIGINT
) [42001-191]
	at app//org.h2.message.DbException.getJdbcSQLException(DbException.java:345)
	at app//org.h2.message.DbException.getSyntaxError(DbException.java:205)
	at app//org.h2.command.Parser.getSyntaxError(Parser.java:535)
	at app//org.h2.command.Parser.read(Parser.java:3170)
	at app//org.h2.command.Parser.readIfMore(Parser.java:873)
	at app//org.h2.command.Parser.parseCreateTable(Parser.java:5930)
	at app//org.h2.command.Parser.parseCreate(Parser.java:4217)
	at app//org.h2.command.Parser.parsePrepared(Parser.java:360)
	at app//org.h2.command.Parser.parse(Parser.java:315)
	at app//org.h2.command.Parser.parse(Parser.java:291)
	at app//org.h2.command.Parser.prepare(Parser.java:236)
	at app//org.h2.engine.Session.prepare(Session.java:525)
	at app//org.h2.engine.Session.prepare(Session.java:512)
	at app//org.h2.command.dml.RunScriptCommand.execute(RunScriptCommand.java:74)
	at app//org.h2.command.dml.RunScriptCommand.update(RunScriptCommand.java:57)
	at app//org.h2.command.CommandContainer.update(CommandContainer.java:98)
	at app//org.h2.command.Command.executeUpdate(Command.java:258)
	at app//org.h2.engine.Engine.openSession(Engine.java:222)
	at app//org.h2.engine.Engine.createSessionAndValidate(Engine.java:153)
	at app//org.h2.engine.Engine.createSession(Engine.java:136)
	at app//org.h2.engine.Engine.createSession(Engine.java:28)
	at app//org.h2.engine.SessionRemote.connectEmbeddedOrServer(SessionRemote.java:349)
	at app//org.h2.jdbc.JdbcConnection.&lt;init&gt;(JdbcConnection.java:107)
	at app//org.h2.jdbc.JdbcConnection.&lt;init&gt;(JdbcConnection.java:91)
	at app//org.h2.Driver.connect(Driver.java:72)
	at platform/java.sql@11.0.17/java.sql.DriverManager.getConnection(DriverManager.java:677)
	at platform/java.sql@11.0.17/java.sql.DriverManager.getConnection(DriverManager.java:189)
	at app//org.sql2o.GenericDatasource.getConnection(GenericDatasource.java:62)
	at app//org.sql2o.Connection.createConnection(Connection.java:288)
	... 44 more
</pre>
</span>
<span class="code">
<pre>java.lang.NullPointerException
	at dao.Sql2oRestaurantDaoTest.tearDown(Sql2oRestaurantDaoTest.java:34)
	at java.base/jdk.internal.reflect.NativeMethodAccessorImpl.invoke0(Native Method)
	at java.base/jdk.internal.reflect.NativeMethodAccessorImpl.invoke(NativeMethodAccessorImpl.java:62)
	at java.base/jdk.internal.reflect.DelegatingMethodAccessorImpl.invoke(DelegatingMethodAccessorImpl.java:43)
	at java.base/java.lang.reflect.Method.invoke(Method.java:566)
	at org.junit.runners.model.FrameworkMethod$1.runReflectiveCall(FrameworkMethod.java:50)
	at org.junit.internal.runners.model.ReflectiveCallable.run(ReflectiveCallable.java:12)
	at org.junit.runners.model.FrameworkMethod.invokeExplosively(FrameworkMethod.java:47)
	at org.junit.internal.runners.statements.RunAfters.evaluate(RunAfters.java:33)
	at org.junit.runners.ParentRunner.runLeaf(ParentRunner.java:325)
	at org.junit.runners.BlockJUnit4ClassRunner.runChild(BlockJUnit4ClassRunner.java:78)
	at org.junit.runners.BlockJUnit4ClassRunner.runChild(BlockJUnit4ClassRunner.java:57)
	at org.junit.runners.ParentRunner$3.run(ParentRunner.java:290)
	at org.junit.runners.ParentRunner$1.schedule(ParentRunner.java:71)
	at org.junit.runners.ParentRunner.runChildren(ParentRunner.java:288)
	at org.junit.runners.ParentRunner.access$000(ParentRunner.java:58)
	at org.junit.runners.ParentRunner$2.evaluate(ParentRunner.java:268)
	at org.junit.runners.ParentRunner.run(ParentRunner.java:363)
	at org.gradle.api.internal.tasks.testing.junit.JUnitTestClassExecutor.runTestClass(JUnitTestClassExecutor.java:110)
	at org.gradle.api.internal.tasks.testing.junit.JUnitTestClassExecutor.execute(JUnitTestClassExecutor.java:58)
	at org.gradle.api.internal.tasks.testing.junit.JUnitTestClassExecutor.execute(JUnitTestClassExecutor.java:38)
	at org.gradle.api.internal.tasks.testing.junit.AbstractJUnitTestClassProcessor.processTestClass(AbstractJUnitTestClassProcessor.java:62)
	at org.gradle.api.internal.tasks.testing.SuiteTestClassProcessor.processTestClass(SuiteTestClassProcessor.java:51)
	at java.base/jdk.internal.reflect.NativeMethodAccessorImpl.invoke0(Native Method)
	at java.base/jdk.internal.reflect.NativeMethodAccessorImpl.invoke(NativeMethodAccessorImpl.java:62)
	at java.base/jdk.internal.reflect.DelegatingMethodAccessorImpl.invoke(DelegatingMethodAccessorImpl.java:43)
	at java.base/java.lang.reflect.Method.invoke(Method.java:566)
	at org.gradle.internal.dispatch.ReflectionDispatch.dispatch(ReflectionDispatch.java:36)
	at org.gradle.internal.dispatch.ReflectionDispatch.dispatch(ReflectionDispatch.java:24)
	at org.gradle.internal.dispatch.ContextClassLoaderDispatch.dispatch(ContextClassLoaderDispatch.java:33)
	at org.gradle.internal.dispatch.ProxyDispatchAdapter$DispatchingInvocationHandler.invoke(ProxyDispatchAdapter.java:94)
	at com.sun.proxy.$Proxy2.processTestClass(Unknown Source)
	at org.gradle.api.internal.tasks.testing.worker.TestWorker$2.run(TestWorker.java:176)
	at org.gradle.api.internal.tasks.testing.worker.TestWorker.executeAndMaintainThreadName(TestWorker.java:129)
	at org.gradle.api.internal.tasks.testing.worker.TestWorker.execute(TestWorker.java:100)
	at org.gradle.api.internal.tasks.testing.worker.TestWorker.execute(TestWorker.java:60)
	at org.gradle.process.internal.worker.child.ActionExecutionWorker.execute(ActionExecutionWorker.java:56)
	at org.gradle.process.internal.worker.child.SystemApplicationClassLoaderWorker.call(SystemApplicationClassLoaderWorker.java:133)
	at org.gradle.process.internal.worker.child.SystemApplicationClassLoaderWorker.call(SystemApplicationClassLoaderWorker.java:71)
	at worker.org.gradle.process.internal.worker.GradleWorkerMain.run(GradleWorkerMain.java:69)
	at worker.org.gradle.process.internal.worker.GradleWorkerMain.main(GradleWorkerMain.java:74)
</pre>
</span>
</div>
<div class="test">
<a name="addedRestaurantsAreReturnedFromGetAll"></a>
<h3 class="failures">addedRestaurantsAreReturnedFromGetAll</h3>
<span class="code">
<pre>org.sql2o.Sql2oException: Could not acquire a connection from DataSource - Syntax error in SQL statement &quot;

CREATE TABLE IF NOT EXISTS REVIEWS (
 ID INT PRIMARY KEY AUTO_INCREMENT,
 WRITTENBY VARCHAR,
 CONTENT VARCHAR,
 RATING VARCHAR,
 RESTAURANTID INTEGER
 CREATEDAT[*] BIGINT
) &quot;; expected &quot;(, FOR, UNSIGNED, NOT, NULL, AS, DEFAULT, GENERATED, NOT, NULL, AUTO_INCREMENT, BIGSERIAL, SERIAL, IDENTITY, NULL_TO_DEFAULT, SEQUENCE, SELECTIVITY, COMMENT, CONSTRAINT, PRIMARY, UNIQUE, NOT, NULL, CHECK, REFERENCES, ,, )&quot;; SQL statement:


CREATE TABLE IF NOT EXISTS reviews (
 id int PRIMARY KEY auto_increment,
 writtenby VARCHAR,
 content VARCHAR,
 rating VARCHAR,
 restaurantid INTEGER
 createdat BIGINT
) [42001-191]
	at app//org.sql2o.Connection.createConnection(Connection.java:291)
	at app//org.sql2o.Connection.&lt;init&gt;(Connection.java:51)
	at app//org.sql2o.Sql2o.open(Sql2o.java:225)
	at app//dao.Sql2oRestaurantDaoTest.setUp(Sql2oRestaurantDaoTest.java:29)
	at java.base@11.0.17/jdk.internal.reflect.NativeMethodAccessorImpl.invoke0(Native Method)
	at java.base@11.0.17/jdk.internal.reflect.NativeMethodAccessorImpl.invoke(NativeMethodAccessorImpl.java:62)
	at java.base@11.0.17/jdk.internal.reflect.DelegatingMethodAccessorImpl.invoke(DelegatingMethodAccessorImpl.java:43)
	at java.base@11.0.17/java.lang.reflect.Method.invoke(Method.java:566)
	at app//org.junit.runners.model.FrameworkMethod$1.runReflectiveCall(FrameworkMethod.java:50)
	at app//org.junit.internal.runners.model.ReflectiveCallable.run(ReflectiveCallable.java:12)
	at app//org.junit.runners.model.FrameworkMethod.invokeExplosively(FrameworkMethod.java:47)
	at app//org.junit.internal.runners.statements.RunBefores.evaluate(RunBefores.java:24)
	at app//org.junit.internal.runners.statements.RunAfters.evaluate(RunAfters.java:27)
	at app//org.junit.runners.ParentRunner.runLeaf(ParentRunner.java:325)
	at app//org.junit.runners.BlockJUnit4ClassRunner.runChild(BlockJUnit4ClassRunner.java:78)
	at app//org.junit.runners.BlockJUnit4ClassRunner.runChild(BlockJUnit4ClassRunner.java:57)
	at app//org.junit.runners.ParentRunner$3.run(ParentRunner.java:290)
	at app//org.junit.runners.ParentRunner$1.schedule(ParentRunner.java:71)
	at app//org.junit.runners.ParentRunner.runChildren(ParentRunner.java:288)
	at app//org.junit.runners.ParentRunner.access$000(ParentRunner.java:58)
	at app//org.junit.runners.ParentRunner$2.evaluate(ParentRunner.java:268)
	at app//org.junit.runners.ParentRunner.run(ParentRunner.java:363)
	at org.gradle.api.internal.tasks.testing.junit.JUnitTestClassExecutor.runTestClass(JUnitTestClassExecutor.java:110)
	at org.gradle.api.internal.tasks.testing.junit.JUnitTestClassExecutor.execute(JUnitTestClassExecutor.java:58)
	at org.gradle.api.internal.tasks.testing.junit.JUnitTestClassExecutor.execute(JUnitTestClassExecutor.java:38)
	at org.gradle.api.internal.tasks.testing.junit.AbstractJUnitTestClassProcessor.processTestClass(AbstractJUnitTestClassProcessor.java:62)
	at org.gradle.api.internal.tasks.testing.SuiteTestClassProcessor.processTestClass(SuiteTestClassProcessor.java:51)
	at java.base@11.0.17/jdk.internal.reflect.NativeMethodAccessorImpl.invoke0(Native Method)
	at java.base@11.0.17/jdk.internal.reflect.NativeMethodAccessorImpl.invoke(NativeMethodAccessorImpl.java:62)
	at java.base@11.0.17/jdk.internal.reflect.DelegatingMethodAccessorImpl.invoke(DelegatingMethodAccessorImpl.java:43)
	at java.base@11.0.17/java.lang.reflect.Method.invoke(Method.java:566)
	at org.gradle.internal.dispatch.ReflectionDispatch.dispatch(ReflectionDispatch.java:36)
	at org.gradle.internal.dispatch.ReflectionDispatch.dispatch(ReflectionDispatch.java:24)
	at org.gradle.internal.dispatch.ContextClassLoaderDispatch.dispatch(ContextClassLoaderDispatch.java:33)
	at org.gradle.internal.dispatch.ProxyDispatchAdapter$DispatchingInvocationHandler.invoke(ProxyDispatchAdapter.java:94)
	at com.sun.proxy.$Proxy2.processTestClass(Unknown Source)
	at org.gradle.api.internal.tasks.testing.worker.TestWorker$2.run(TestWorker.java:176)
	at org.gradle.api.internal.tasks.testing.worker.TestWorker.executeAndMaintainThreadName(TestWorker.java:129)
	at org.gradle.api.internal.tasks.testing.worker.TestWorker.execute(TestWorker.java:100)
	at org.gradle.api.internal.tasks.testing.worker.TestWorker.execute(TestWorker.java:60)
	at org.gradle.process.internal.worker.child.ActionExecutionWorker.execute(ActionExecutionWorker.java:56)
	at org.gradle.process.internal.worker.child.SystemApplicationClassLoaderWorker.call(SystemApplicationClassLoaderWorker.java:133)
	at org.gradle.process.internal.worker.child.SystemApplicationClassLoaderWorker.call(SystemApplicationClassLoaderWorker.java:71)
	at app//worker.org.gradle.process.internal.worker.GradleWorkerMain.run(GradleWorkerMain.java:69)
	at app//worker.org.gradle.process.internal.worker.GradleWorkerMain.main(GradleWorkerMain.java:74)
Caused by: org.h2.jdbc.JdbcSQLException: Syntax error in SQL statement &quot;

CREATE TABLE IF NOT EXISTS REVIEWS (
 ID INT PRIMARY KEY AUTO_INCREMENT,
 WRITTENBY VARCHAR,
 CONTENT VARCHAR,
 RATING VARCHAR,
 RESTAURANTID INTEGER
 CREATEDAT[*] BIGINT
) &quot;; expected &quot;(, FOR, UNSIGNED, NOT, NULL, AS, DEFAULT, GENERATED, NOT, NULL, AUTO_INCREMENT, BIGSERIAL, SERIAL, IDENTITY, NULL_TO_DEFAULT, SEQUENCE, SELECTIVITY, COMMENT, CONSTRAINT, PRIMARY, UNIQUE, NOT, NULL, CHECK, REFERENCES, ,, )&quot;; SQL statement:


CREATE TABLE IF NOT EXISTS reviews (
 id int PRIMARY KEY auto_increment,
 writtenby VARCHAR,
 content VARCHAR,
 rating VARCHAR,
 restaurantid INTEGER
 createdat BIGINT
) [42001-191]
	at app//org.h2.message.DbException.getJdbcSQLException(DbException.java:345)
	at app//org.h2.message.DbException.getSyntaxError(DbException.java:205)
	at app//org.h2.command.Parser.getSyntaxError(Parser.java:535)
	at app//org.h2.command.Parser.read(Parser.java:3170)
	at app//org.h2.command.Parser.readIfMore(Parser.java:873)
	at app//org.h2.command.Parser.parseCreateTable(Parser.java:5930)
	at app//org.h2.command.Parser.parseCreate(Parser.java:4217)
	at app//org.h2.command.Parser.parsePrepared(Parser.java:360)
	at app//org.h2.command.Parser.parse(Parser.java:315)
	at app//org.h2.command.Parser.parse(Parser.java:291)
	at app//org.h2.command.Parser.prepare(Parser.java:236)
	at app//org.h2.engine.Session.prepare(Session.java:525)
	at app//org.h2.engine.Session.prepare(Session.java:512)
	at app//org.h2.command.dml.RunScriptCommand.execute(RunScriptCommand.java:74)
	at app//org.h2.command.dml.RunScriptCommand.update(RunScriptCommand.java:57)
	at app//org.h2.command.CommandContainer.update(CommandContainer.java:98)
	at app//org.h2.command.Command.executeUpdate(Command.java:258)
	at app//org.h2.engine.Engine.openSession(Engine.java:222)
	at app//org.h2.engine.Engine.createSessionAndValidate(Engine.java:153)
	at app//org.h2.engine.Engine.createSession(Engine.java:136)
	at app//org.h2.engine.Engine.createSession(Engine.java:28)
	at app//org.h2.engine.SessionRemote.connectEmbeddedOrServer(SessionRemote.java:349)
	at app//org.h2.jdbc.JdbcConnection.&lt;init&gt;(JdbcConnection.java:107)
	at app//org.h2.jdbc.JdbcConnection.&lt;init&gt;(JdbcConnection.java:91)
	at app//org.h2.Driver.connect(Driver.java:72)
	at platform/java.sql@11.0.17/java.sql.DriverManager.getConnection(DriverManager.java:677)
	at platform/java.sql@11.0.17/java.sql.DriverManager.getConnection(DriverManager.java:189)
	at app//org.sql2o.GenericDatasource.getConnection(GenericDatasource.java:62)
	at app//org.sql2o.Connection.createConnection(Connection.java:288)
	... 44 more
</pre>
</span>
<span class="code">
<pre>java.lang.NullPointerException
	at dao.Sql2oRestaurantDaoTest.tearDown(Sql2oRestaurantDaoTest.java:34)
	at java.base/jdk.internal.reflect.NativeMethodAccessorImpl.invoke0(Native Method)
	at java.base/jdk.internal.reflect.NativeMethodAccessorImpl.invoke(NativeMethodAccessorImpl.java:62)
	at java.base/jdk.internal.reflect.DelegatingMethodAccessorImpl.invoke(DelegatingMethodAccessorImpl.java:43)
	at java.base/java.lang.reflect.Method.invoke(Method.java:566)
	at org.junit.runners.model.FrameworkMethod$1.runReflectiveCall(FrameworkMethod.java:50)
	at org.junit.internal.runners.model.ReflectiveCallable.run(ReflectiveCallable.java:12)
	at org.junit.runners.model.FrameworkMethod.invokeExplosively(FrameworkMethod.java:47)
	at org.junit.internal.runners.statements.RunAfters.evaluate(RunAfters.java:33)
	at org.junit.runners.ParentRunner.runLeaf(ParentRunner.java:325)
	at org.junit.runners.BlockJUnit4ClassRunner.runChild(BlockJUnit4ClassRunner.java:78)
	at org.junit.runners.BlockJUnit4ClassRunner.runChild(BlockJUnit4ClassRunner.java:57)
	at org.junit.runners.ParentRunner$3.run(ParentRunner.java:290)
	at org.junit.runners.ParentRunner$1.schedule(ParentRunner.java:71)
	at org.junit.runners.ParentRunner.runChildren(ParentRunner.java:288)
	at org.junit.runners.ParentRunner.access$000(ParentRunner.java:58)
	at org.junit.runners.ParentRunner$2.evaluate(ParentRunner.java:268)
	at org.junit.runners.ParentRunner.run(ParentRunner.java:363)
	at org.gradle.api.internal.tasks.testing.junit.JUnitTestClassExecutor.runTestClass(JUnitTestClassExecutor.java:110)
	at org.gradle.api.internal.tasks.testing.junit.JUnitTestClassExecutor.execute(JUnitTestClassExecutor.java:58)
	at org.gradle.api.internal.tasks.testing.junit.JUnitTestClassExecutor.execute(JUnitTestClassExecutor.java:38)
	at org.gradle.api.internal.tasks.testing.junit.AbstractJUnitTestClassProcessor.processTestClass(AbstractJUnitTestClassProcessor.java:62)
	at org.gradle.api.internal.tasks.testing.SuiteTestClassProcessor.processTestClass(SuiteTestClassProcessor.java:51)
	at java.base/jdk.internal.reflect.NativeMethodAccessorImpl.invoke0(Native Method)
	at java.base/jdk.internal.reflect.NativeMethodAccessorImpl.invoke(NativeMethodAccessorImpl.java:62)
	at java.base/jdk.internal.reflect.DelegatingMethodAccessorImpl.invoke(DelegatingMethodAccessorImpl.java:43)
	at java.base/java.lang.reflect.Method.invoke(Method.java:566)
	at org.gradle.internal.dispatch.ReflectionDispatch.dispatch(ReflectionDispatch.java:36)
	at org.gradle.internal.dispatch.ReflectionDispatch.dispatch(ReflectionDispatch.java:24)
	at org.gradle.internal.dispatch.ContextClassLoaderDispatch.dispatch(ContextClassLoaderDispatch.java:33)
	at org.gradle.internal.dispatch.ProxyDispatchAdapter$DispatchingInvocationHandler.invoke(ProxyDispatchAdapter.java:94)
	at com.sun.proxy.$Proxy2.processTestClass(Unknown Source)
	at org.gradle.api.internal.tasks.testing.worker.TestWorker$2.run(TestWorker.java:176)
	at org.gradle.api.internal.tasks.testing.worker.TestWorker.executeAndMaintainThreadName(TestWorker.java:129)
	at org.gradle.api.internal.tasks.testing.worker.TestWorker.execute(TestWorker.java:100)
	at org.gradle.api.internal.tasks.testing.worker.TestWorker.execute(TestWorker.java:60)
	at org.gradle.process.internal.worker.child.ActionExecutionWorker.execute(ActionExecutionWorker.java:56)
	at org.gradle.process.internal.worker.child.SystemApplicationClassLoaderWorker.call(SystemApplicationClassLoaderWorker.java:133)
	at org.gradle.process.internal.worker.child.SystemApplicationClassLoaderWorker.call(SystemApplicationClassLoaderWorker.java:71)
	at worker.org.gradle.process.internal.worker.GradleWorkerMain.run(GradleWorkerMain.java:69)
	at worker.org.gradle.process.internal.worker.GradleWorkerMain.main(GradleWorkerMain.java:74)
</pre>
</span>
</div>
<div class="test">
<a name="addingFoodSetsId"></a>
<h3 class="failures">addingFoodSetsId</h3>
<span class="code">
<pre>org.sql2o.Sql2oException: Could not acquire a connection from DataSource - Syntax error in SQL statement &quot;

CREATE TABLE IF NOT EXISTS REVIEWS (
 ID INT PRIMARY KEY AUTO_INCREMENT,
 WRITTENBY VARCHAR,
 CONTENT VARCHAR,
 RATING VARCHAR,
 RESTAURANTID INTEGER
 CREATEDAT[*] BIGINT
) &quot;; expected &quot;(, FOR, UNSIGNED, NOT, NULL, AS, DEFAULT, GENERATED, NOT, NULL, AUTO_INCREMENT, BIGSERIAL, SERIAL, IDENTITY, NULL_TO_DEFAULT, SEQUENCE, SELECTIVITY, COMMENT, CONSTRAINT, PRIMARY, UNIQUE, NOT, NULL, CHECK, REFERENCES, ,, )&quot;; SQL statement:


CREATE TABLE IF NOT EXISTS reviews (
 id int PRIMARY KEY auto_increment,
 writtenby VARCHAR,
 content VARCHAR,
 rating VARCHAR,
 restaurantid INTEGER
 createdat BIGINT
) [42001-191]
	at app//org.sql2o.Connection.createConnection(Connection.java:291)
	at app//org.sql2o.Connection.&lt;init&gt;(Connection.java:51)
	at app//org.sql2o.Sql2o.open(Sql2o.java:225)
	at app//dao.Sql2oRestaurantDaoTest.setUp(Sql2oRestaurantDaoTest.java:29)
	at java.base@11.0.17/jdk.internal.reflect.NativeMethodAccessorImpl.invoke0(Native Method)
	at java.base@11.0.17/jdk.internal.reflect.NativeMethodAccessorImpl.invoke(NativeMethodAccessorImpl.java:62)
	at java.base@11.0.17/jdk.internal.reflect.DelegatingMethodAccessorImpl.invoke(DelegatingMethodAccessorImpl.java:43)
	at java.base@11.0.17/java.lang.reflect.Method.invoke(Method.java:566)
	at app//org.junit.runners.model.FrameworkMethod$1.runReflectiveCall(FrameworkMethod.java:50)
	at app//org.junit.internal.runners.model.ReflectiveCallable.run(ReflectiveCallable.java:12)
	at app//org.junit.runners.model.FrameworkMethod.invokeExplosively(FrameworkMethod.java:47)
	at app//org.junit.internal.runners.statements.RunBefores.evaluate(RunBefores.java:24)
	at app//org.junit.internal.runners.statements.RunAfters.evaluate(RunAfters.java:27)
	at app//org.junit.runners.ParentRunner.runLeaf(ParentRunner.java:325)
	at app//org.junit.runners.BlockJUnit4ClassRunner.runChild(BlockJUnit4ClassRunner.java:78)
	at app//org.junit.runners.BlockJUnit4ClassRunner.runChild(BlockJUnit4ClassRunner.java:57)
	at app//org.junit.runners.ParentRunner$3.run(ParentRunner.java:290)
	at app//org.junit.runners.ParentRunner$1.schedule(ParentRunner.java:71)
	at app//org.junit.runners.ParentRunner.runChildren(ParentRunner.java:288)
	at app//org.junit.runners.ParentRunner.access$000(ParentRunner.java:58)
	at app//org.junit.runners.ParentRunner$2.evaluate(ParentRunner.java:268)
	at app//org.junit.runners.ParentRunner.run(ParentRunner.java:363)
	at org.gradle.api.internal.tasks.testing.junit.JUnitTestClassExecutor.runTestClass(JUnitTestClassExecutor.java:110)
	at org.gradle.api.internal.tasks.testing.junit.JUnitTestClassExecutor.execute(JUnitTestClassExecutor.java:58)
	at org.gradle.api.internal.tasks.testing.junit.JUnitTestClassExecutor.execute(JUnitTestClassExecutor.java:38)
	at org.gradle.api.internal.tasks.testing.junit.AbstractJUnitTestClassProcessor.processTestClass(AbstractJUnitTestClassProcessor.java:62)
	at org.gradle.api.internal.tasks.testing.SuiteTestClassProcessor.processTestClass(SuiteTestClassProcessor.java:51)
	at java.base@11.0.17/jdk.internal.reflect.NativeMethodAccessorImpl.invoke0(Native Method)
	at java.base@11.0.17/jdk.internal.reflect.NativeMethodAccessorImpl.invoke(NativeMethodAccessorImpl.java:62)
	at java.base@11.0.17/jdk.internal.reflect.DelegatingMethodAccessorImpl.invoke(DelegatingMethodAccessorImpl.java:43)
	at java.base@11.0.17/java.lang.reflect.Method.invoke(Method.java:566)
	at org.gradle.internal.dispatch.ReflectionDispatch.dispatch(ReflectionDispatch.java:36)
	at org.gradle.internal.dispatch.ReflectionDispatch.dispatch(ReflectionDispatch.java:24)
	at org.gradle.internal.dispatch.ContextClassLoaderDispatch.dispatch(ContextClassLoaderDispatch.java:33)
	at org.gradle.internal.dispatch.ProxyDispatchAdapter$DispatchingInvocationHandler.invoke(ProxyDispatchAdapter.java:94)
	at com.sun.proxy.$Proxy2.processTestClass(Unknown Source)
	at org.gradle.api.internal.tasks.testing.worker.TestWorker$2.run(TestWorker.java:176)
	at org.gradle.api.internal.tasks.testing.worker.TestWorker.executeAndMaintainThreadName(TestWorker.java:129)
	at org.gradle.api.internal.tasks.testing.worker.TestWorker.execute(TestWorker.java:100)
	at org.gradle.api.internal.tasks.testing.worker.TestWorker.execute(TestWorker.java:60)
	at org.gradle.process.internal.worker.child.ActionExecutionWorker.execute(ActionExecutionWorker.java:56)
	at org.gradle.process.internal.worker.child.SystemApplicationClassLoaderWorker.call(SystemApplicationClassLoaderWorker.java:133)
	at org.gradle.process.internal.worker.child.SystemApplicationClassLoaderWorker.call(SystemApplicationClassLoaderWorker.java:71)
	at app//worker.org.gradle.process.internal.worker.GradleWorkerMain.run(GradleWorkerMain.java:69)
	at app//worker.org.gradle.process.internal.worker.GradleWorkerMain.main(GradleWorkerMain.java:74)
Caused by: org.h2.jdbc.JdbcSQLException: Syntax error in SQL statement &quot;

CREATE TABLE IF NOT EXISTS REVIEWS (
 ID INT PRIMARY KEY AUTO_INCREMENT,
 WRITTENBY VARCHAR,
 CONTENT VARCHAR,
 RATING VARCHAR,
 RESTAURANTID INTEGER
 CREATEDAT[*] BIGINT
) &quot;; expected &quot;(, FOR, UNSIGNED, NOT, NULL, AS, DEFAULT, GENERATED, NOT, NULL, AUTO_INCREMENT, BIGSERIAL, SERIAL, IDENTITY, NULL_TO_DEFAULT, SEQUENCE, SELECTIVITY, COMMENT, CONSTRAINT, PRIMARY, UNIQUE, NOT, NULL, CHECK, REFERENCES, ,, )&quot;; SQL statement:


CREATE TABLE IF NOT EXISTS reviews (
 id int PRIMARY KEY auto_increment,
 writtenby VARCHAR,
 content VARCHAR,
 rating VARCHAR,
 restaurantid INTEGER
 createdat BIGINT
) [42001-191]
	at app//org.h2.message.DbException.getJdbcSQLException(DbException.java:345)
	at app//org.h2.message.DbException.getSyntaxError(DbException.java:205)
	at app//org.h2.command.Parser.getSyntaxError(Parser.java:535)
	at app//org.h2.command.Parser.read(Parser.java:3170)
	at app//org.h2.command.Parser.readIfMore(Parser.java:873)
	at app//org.h2.command.Parser.parseCreateTable(Parser.java:5930)
	at app//org.h2.command.Parser.parseCreate(Parser.java:4217)
	at app//org.h2.command.Parser.parsePrepared(Parser.java:360)
	at app//org.h2.command.Parser.parse(Parser.java:315)
	at app//org.h2.command.Parser.parse(Parser.java:291)
	at app//org.h2.command.Parser.prepare(Parser.java:236)
	at app//org.h2.engine.Session.prepare(Session.java:525)
	at app//org.h2.engine.Session.prepare(Session.java:512)
	at app//org.h2.command.dml.RunScriptCommand.execute(RunScriptCommand.java:74)
	at app//org.h2.command.dml.RunScriptCommand.update(RunScriptCommand.java:57)
	at app//org.h2.command.CommandContainer.update(CommandContainer.java:98)
	at app//org.h2.command.Command.executeUpdate(Command.java:258)
	at app//org.h2.engine.Engine.openSession(Engine.java:222)
	at app//org.h2.engine.Engine.createSessionAndValidate(Engine.java:153)
	at app//org.h2.engine.Engine.createSession(Engine.java:136)
	at app//org.h2.engine.Engine.createSession(Engine.java:28)
	at app//org.h2.engine.SessionRemote.connectEmbeddedOrServer(SessionRemote.java:349)
	at app//org.h2.jdbc.JdbcConnection.&lt;init&gt;(JdbcConnection.java:107)
	at app//org.h2.jdbc.JdbcConnection.&lt;init&gt;(JdbcConnection.java:91)
	at app//org.h2.Driver.connect(Driver.java:72)
	at platform/java.sql@11.0.17/java.sql.DriverManager.getConnection(DriverManager.java:677)
	at platform/java.sql@11.0.17/java.sql.DriverManager.getConnection(DriverManager.java:189)
	at app//org.sql2o.GenericDatasource.getConnection(GenericDatasource.java:62)
	at app//org.sql2o.Connection.createConnection(Connection.java:288)
	... 44 more
</pre>
</span>
<span class="code">
<pre>java.lang.NullPointerException
	at dao.Sql2oRestaurantDaoTest.tearDown(Sql2oRestaurantDaoTest.java:34)
	at java.base/jdk.internal.reflect.NativeMethodAccessorImpl.invoke0(Native Method)
	at java.base/jdk.internal.reflect.NativeMethodAccessorImpl.invoke(NativeMethodAccessorImpl.java:62)
	at java.base/jdk.internal.reflect.DelegatingMethodAccessorImpl.invoke(DelegatingMethodAccessorImpl.java:43)
	at java.base/java.lang.reflect.Method.invoke(Method.java:566)
	at org.junit.runners.model.FrameworkMethod$1.runReflectiveCall(FrameworkMethod.java:50)
	at org.junit.internal.runners.model.ReflectiveCallable.run(ReflectiveCallable.java:12)
	at org.junit.runners.model.FrameworkMethod.invokeExplosively(FrameworkMethod.java:47)
	at org.junit.internal.runners.statements.RunAfters.evaluate(RunAfters.java:33)
	at org.junit.runners.ParentRunner.runLeaf(ParentRunner.java:325)
	at org.junit.runners.BlockJUnit4ClassRunner.runChild(BlockJUnit4ClassRunner.java:78)
	at org.junit.runners.BlockJUnit4ClassRunner.runChild(BlockJUnit4ClassRunner.java:57)
	at org.junit.runners.ParentRunner$3.run(ParentRunner.java:290)
	at org.junit.runners.ParentRunner$1.schedule(ParentRunner.java:71)
	at org.junit.runners.ParentRunner.runChildren(ParentRunner.java:288)
	at org.junit.runners.ParentRunner.access$000(ParentRunner.java:58)
	at org.junit.runners.ParentRunner$2.evaluate(ParentRunner.java:268)
	at org.junit.runners.ParentRunner.run(ParentRunner.java:363)
	at org.gradle.api.internal.tasks.testing.junit.JUnitTestClassExecutor.runTestClass(JUnitTestClassExecutor.java:110)
	at org.gradle.api.internal.tasks.testing.junit.JUnitTestClassExecutor.execute(JUnitTestClassExecutor.java:58)
	at org.gradle.api.internal.tasks.testing.junit.JUnitTestClassExecutor.execute(JUnitTestClassExecutor.java:38)
	at org.gradle.api.internal.tasks.testing.junit.AbstractJUnitTestClassProcessor.processTestClass(AbstractJUnitTestClassProcessor.java:62)
	at org.gradle.api.internal.tasks.testing.SuiteTestClassProcessor.processTestClass(SuiteTestClassProcessor.java:51)
	at java.base/jdk.internal.reflect.NativeMethodAccessorImpl.invoke0(Native Method)
	at java.base/jdk.internal.reflect.NativeMethodAccessorImpl.invoke(NativeMethodAccessorImpl.java:62)
	at java.base/jdk.internal.reflect.DelegatingMethodAccessorImpl.invoke(DelegatingMethodAccessorImpl.java:43)
	at java.base/java.lang.reflect.Method.invoke(Method.java:566)
	at org.gradle.internal.dispatch.ReflectionDispatch.dispatch(ReflectionDispatch.java:36)
	at org.gradle.internal.dispatch.ReflectionDispatch.dispatch(ReflectionDispatch.java:24)
	at org.gradle.internal.dispatch.ContextClassLoaderDispatch.dispatch(ContextClassLoaderDispatch.java:33)
	at org.gradle.internal.dispatch.ProxyDispatchAdapter$DispatchingInvocationHandler.invoke(ProxyDispatchAdapter.java:94)
	at com.sun.proxy.$Proxy2.processTestClass(Unknown Source)
	at org.gradle.api.internal.tasks.testing.worker.TestWorker$2.run(TestWorker.java:176)
	at org.gradle.api.internal.tasks.testing.worker.TestWorker.executeAndMaintainThreadName(TestWorker.java:129)
	at org.gradle.api.internal.tasks.testing.worker.TestWorker.execute(TestWorker.java:100)
	at org.gradle.api.internal.tasks.testing.worker.TestWorker.execute(TestWorker.java:60)
	at org.gradle.process.internal.worker.child.ActionExecutionWorker.execute(ActionExecutionWorker.java:56)
	at org.gradle.process.internal.worker.child.SystemApplicationClassLoaderWorker.call(SystemApplicationClassLoaderWorker.java:133)
	at org.gradle.process.internal.worker.child.SystemApplicationClassLoaderWorker.call(SystemApplicationClassLoaderWorker.java:71)
	at worker.org.gradle.process.internal.worker.GradleWorkerMain.run(GradleWorkerMain.java:69)
	at worker.org.gradle.process.internal.worker.GradleWorkerMain.main(GradleWorkerMain.java:74)
</pre>
</span>
</div>
<div class="test">
<a name="clearAll"></a>
<h3 class="failures">clearAll</h3>
<span class="code">
<pre>org.sql2o.Sql2oException: Could not acquire a connection from DataSource - Syntax error in SQL statement &quot;

CREATE TABLE IF NOT EXISTS REVIEWS (
 ID INT PRIMARY KEY AUTO_INCREMENT,
 WRITTENBY VARCHAR,
 CONTENT VARCHAR,
 RATING VARCHAR,
 RESTAURANTID INTEGER
 CREATEDAT[*] BIGINT
) &quot;; expected &quot;(, FOR, UNSIGNED, NOT, NULL, AS, DEFAULT, GENERATED, NOT, NULL, AUTO_INCREMENT, BIGSERIAL, SERIAL, IDENTITY, NULL_TO_DEFAULT, SEQUENCE, SELECTIVITY, COMMENT, CONSTRAINT, PRIMARY, UNIQUE, NOT, NULL, CHECK, REFERENCES, ,, )&quot;; SQL statement:


CREATE TABLE IF NOT EXISTS reviews (
 id int PRIMARY KEY auto_increment,
 writtenby VARCHAR,
 content VARCHAR,
 rating VARCHAR,
 restaurantid INTEGER
 createdat BIGINT
) [42001-191]
	at app//org.sql2o.Connection.createConnection(Connection.java:291)
	at app//org.sql2o.Connection.&lt;init&gt;(Connection.java:51)
	at app//org.sql2o.Sql2o.open(Sql2o.java:225)
	at app//dao.Sql2oRestaurantDaoTest.setUp(Sql2oRestaurantDaoTest.java:29)
	at java.base@11.0.17/jdk.internal.reflect.NativeMethodAccessorImpl.invoke0(Native Method)
	at java.base@11.0.17/jdk.internal.reflect.NativeMethodAccessorImpl.invoke(NativeMethodAccessorImpl.java:62)
	at java.base@11.0.17/jdk.internal.reflect.DelegatingMethodAccessorImpl.invoke(DelegatingMethodAccessorImpl.java:43)
	at java.base@11.0.17/java.lang.reflect.Method.invoke(Method.java:566)
	at app//org.junit.runners.model.FrameworkMethod$1.runReflectiveCall(FrameworkMethod.java:50)
	at app//org.junit.internal.runners.model.ReflectiveCallable.run(ReflectiveCallable.java:12)
	at app//org.junit.runners.model.FrameworkMethod.invokeExplosively(FrameworkMethod.java:47)
	at app//org.junit.internal.runners.statements.RunBefores.evaluate(RunBefores.java:24)
	at app//org.junit.internal.runners.statements.RunAfters.evaluate(RunAfters.java:27)
	at app//org.junit.runners.ParentRunner.runLeaf(ParentRunner.java:325)
	at app//org.junit.runners.BlockJUnit4ClassRunner.runChild(BlockJUnit4ClassRunner.java:78)
	at app//org.junit.runners.BlockJUnit4ClassRunner.runChild(BlockJUnit4ClassRunner.java:57)
	at app//org.junit.runners.ParentRunner$3.run(ParentRunner.java:290)
	at app//org.junit.runners.ParentRunner$1.schedule(ParentRunner.java:71)
	at app//org.junit.runners.ParentRunner.runChildren(ParentRunner.java:288)
	at app//org.junit.runners.ParentRunner.access$000(ParentRunner.java:58)
	at app//org.junit.runners.ParentRunner$2.evaluate(ParentRunner.java:268)
	at app//org.junit.runners.ParentRunner.run(ParentRunner.java:363)
	at org.gradle.api.internal.tasks.testing.junit.JUnitTestClassExecutor.runTestClass(JUnitTestClassExecutor.java:110)
	at org.gradle.api.internal.tasks.testing.junit.JUnitTestClassExecutor.execute(JUnitTestClassExecutor.java:58)
	at org.gradle.api.internal.tasks.testing.junit.JUnitTestClassExecutor.execute(JUnitTestClassExecutor.java:38)
	at org.gradle.api.internal.tasks.testing.junit.AbstractJUnitTestClassProcessor.processTestClass(AbstractJUnitTestClassProcessor.java:62)
	at org.gradle.api.internal.tasks.testing.SuiteTestClassProcessor.processTestClass(SuiteTestClassProcessor.java:51)
	at java.base@11.0.17/jdk.internal.reflect.NativeMethodAccessorImpl.invoke0(Native Method)
	at java.base@11.0.17/jdk.internal.reflect.NativeMethodAccessorImpl.invoke(NativeMethodAccessorImpl.java:62)
	at java.base@11.0.17/jdk.internal.reflect.DelegatingMethodAccessorImpl.invoke(DelegatingMethodAccessorImpl.java:43)
	at java.base@11.0.17/java.lang.reflect.Method.invoke(Method.java:566)
	at org.gradle.internal.dispatch.ReflectionDispatch.dispatch(ReflectionDispatch.java:36)
	at org.gradle.internal.dispatch.ReflectionDispatch.dispatch(ReflectionDispatch.java:24)
	at org.gradle.internal.dispatch.ContextClassLoaderDispatch.dispatch(ContextClassLoaderDispatch.java:33)
	at org.gradle.internal.dispatch.ProxyDispatchAdapter$DispatchingInvocationHandler.invoke(ProxyDispatchAdapter.java:94)
	at com.sun.proxy.$Proxy2.processTestClass(Unknown Source)
	at org.gradle.api.internal.tasks.testing.worker.TestWorker$2.run(TestWorker.java:176)
	at org.gradle.api.internal.tasks.testing.worker.TestWorker.executeAndMaintainThreadName(TestWorker.java:129)
	at org.gradle.api.internal.tasks.testing.worker.TestWorker.execute(TestWorker.java:100)
	at org.gradle.api.internal.tasks.testing.worker.TestWorker.execute(TestWorker.java:60)
	at org.gradle.process.internal.worker.child.ActionExecutionWorker.execute(ActionExecutionWorker.java:56)
	at org.gradle.process.internal.worker.child.SystemApplicationClassLoaderWorker.call(SystemApplicationClassLoaderWorker.java:133)
	at org.gradle.process.internal.worker.child.SystemApplicationClassLoaderWorker.call(SystemApplicationClassLoaderWorker.java:71)
	at app//worker.org.gradle.process.internal.worker.GradleWorkerMain.run(GradleWorkerMain.java:69)
	at app//worker.org.gradle.process.internal.worker.GradleWorkerMain.main(GradleWorkerMain.java:74)
Caused by: org.h2.jdbc.JdbcSQLException: Syntax error in SQL statement &quot;

CREATE TABLE IF NOT EXISTS REVIEWS (
 ID INT PRIMARY KEY AUTO_INCREMENT,
 WRITTENBY VARCHAR,
 CONTENT VARCHAR,
 RATING VARCHAR,
 RESTAURANTID INTEGER
 CREATEDAT[*] BIGINT
) &quot;; expected &quot;(, FOR, UNSIGNED, NOT, NULL, AS, DEFAULT, GENERATED, NOT, NULL, AUTO_INCREMENT, BIGSERIAL, SERIAL, IDENTITY, NULL_TO_DEFAULT, SEQUENCE, SELECTIVITY, COMMENT, CONSTRAINT, PRIMARY, UNIQUE, NOT, NULL, CHECK, REFERENCES, ,, )&quot;; SQL statement:


CREATE TABLE IF NOT EXISTS reviews (
 id int PRIMARY KEY auto_increment,
 writtenby VARCHAR,
 content VARCHAR,
 rating VARCHAR,
 restaurantid INTEGER
 createdat BIGINT
) [42001-191]
	at app//org.h2.message.DbException.getJdbcSQLException(DbException.java:345)
	at app//org.h2.message.DbException.getSyntaxError(DbException.java:205)
	at app//org.h2.command.Parser.getSyntaxError(Parser.java:535)
	at app//org.h2.command.Parser.read(Parser.java:3170)
	at app//org.h2.command.Parser.readIfMore(Parser.java:873)
	at app//org.h2.command.Parser.parseCreateTable(Parser.java:5930)
	at app//org.h2.command.Parser.parseCreate(Parser.java:4217)
	at app//org.h2.command.Parser.parsePrepared(Parser.java:360)
	at app//org.h2.command.Parser.parse(Parser.java:315)
	at app//org.h2.command.Parser.parse(Parser.java:291)
	at app//org.h2.command.Parser.prepare(Parser.java:236)
	at app//org.h2.engine.Session.prepare(Session.java:525)
	at app//org.h2.engine.Session.prepare(Session.java:512)
	at app//org.h2.command.dml.RunScriptCommand.execute(RunScriptCommand.java:74)
	at app//org.h2.command.dml.RunScriptCommand.update(RunScriptCommand.java:57)
	at app//org.h2.command.CommandContainer.update(CommandContainer.java:98)
	at app//org.h2.command.Command.executeUpdate(Command.java:258)
	at app//org.h2.engine.Engine.openSession(Engine.java:222)
	at app//org.h2.engine.Engine.createSessionAndValidate(Engine.java:153)
	at app//org.h2.engine.Engine.createSession(Engine.java:136)
	at app//org.h2.engine.Engine.createSession(Engine.java:28)
	at app//org.h2.engine.SessionRemote.connectEmbeddedOrServer(SessionRemote.java:349)
	at app//org.h2.jdbc.JdbcConnection.&lt;init&gt;(JdbcConnection.java:107)
	at app//org.h2.jdbc.JdbcConnection.&lt;init&gt;(JdbcConnection.java:91)
	at app//org.h2.Driver.connect(Driver.java:72)
	at platform/java.sql@11.0.17/java.sql.DriverManager.getConnection(DriverManager.java:677)
	at platform/java.sql@11.0.17/java.sql.DriverManager.getConnection(DriverManager.java:189)
	at app//org.sql2o.GenericDatasource.getConnection(GenericDatasource.java:62)
	at app//org.sql2o.Connection.createConnection(Connection.java:288)
	... 44 more
</pre>
</span>
<span class="code">
<pre>java.lang.NullPointerException
	at dao.Sql2oRestaurantDaoTest.tearDown(Sql2oRestaurantDaoTest.java:34)
	at java.base/jdk.internal.reflect.NativeMethodAccessorImpl.invoke0(Native Method)
	at java.base/jdk.internal.reflect.NativeMethodAccessorImpl.invoke(NativeMethodAccessorImpl.java:62)
	at java.base/jdk.internal.reflect.DelegatingMethodAccessorImpl.invoke(DelegatingMethodAccessorImpl.java:43)
	at java.base/java.lang.reflect.Method.invoke(Method.java:566)
	at org.junit.runners.model.FrameworkMethod$1.runReflectiveCall(FrameworkMethod.java:50)
	at org.junit.internal.runners.model.ReflectiveCallable.run(ReflectiveCallable.java:12)
	at org.junit.runners.model.FrameworkMethod.invokeExplosively(FrameworkMethod.java:47)
	at org.junit.internal.runners.statements.RunAfters.evaluate(RunAfters.java:33)
	at org.junit.runners.ParentRunner.runLeaf(ParentRunner.java:325)
	at org.junit.runners.BlockJUnit4ClassRunner.runChild(BlockJUnit4ClassRunner.java:78)
	at org.junit.runners.BlockJUnit4ClassRunner.runChild(BlockJUnit4ClassRunner.java:57)
	at org.junit.runners.ParentRunner$3.run(ParentRunner.java:290)
	at org.junit.runners.ParentRunner$1.schedule(ParentRunner.java:71)
	at org.junit.runners.ParentRunner.runChildren(ParentRunner.java:288)
	at org.junit.runners.ParentRunner.access$000(ParentRunner.java:58)
	at org.junit.runners.ParentRunner$2.evaluate(ParentRunner.java:268)
	at org.junit.runners.ParentRunner.run(ParentRunner.java:363)
	at org.gradle.api.internal.tasks.testing.junit.JUnitTestClassExecutor.runTestClass(JUnitTestClassExecutor.java:110)
	at org.gradle.api.internal.tasks.testing.junit.JUnitTestClassExecutor.execute(JUnitTestClassExecutor.java:58)
	at org.gradle.api.internal.tasks.testing.junit.JUnitTestClassExecutor.execute(JUnitTestClassExecutor.java:38)
	at org.gradle.api.internal.tasks.testing.junit.AbstractJUnitTestClassProcessor.processTestClass(AbstractJUnitTestClassProcessor.java:62)
	at org.gradle.api.internal.tasks.testing.SuiteTestClassProcessor.processTestClass(SuiteTestClassProcessor.java:51)
	at java.base/jdk.internal.reflect.NativeMethodAccessorImpl.invoke0(Native Method)
	at java.base/jdk.internal.reflect.NativeMethodAccessorImpl.invoke(NativeMethodAccessorImpl.java:62)
	at java.base/jdk.internal.reflect.DelegatingMethodAccessorImpl.invoke(DelegatingMethodAccessorImpl.java:43)
	at java.base/java.lang.reflect.Method.invoke(Method.java:566)
	at org.gradle.internal.dispatch.ReflectionDispatch.dispatch(ReflectionDispatch.java:36)
	at org.gradle.internal.dispatch.ReflectionDispatch.dispatch(ReflectionDispatch.java:24)
	at org.gradle.internal.dispatch.ContextClassLoaderDispatch.dispatch(ContextClassLoaderDispatch.java:33)
	at org.gradle.internal.dispatch.ProxyDispatchAdapter$DispatchingInvocationHandler.invoke(ProxyDispatchAdapter.java:94)
	at com.sun.proxy.$Proxy2.processTestClass(Unknown Source)
	at org.gradle.api.internal.tasks.testing.worker.TestWorker$2.run(TestWorker.java:176)
	at org.gradle.api.internal.tasks.testing.worker.TestWorker.executeAndMaintainThreadName(TestWorker.java:129)
	at org.gradle.api.internal.tasks.testing.worker.TestWorker.execute(TestWorker.java:100)
	at org.gradle.api.internal.tasks.testing.worker.TestWorker.execute(TestWorker.java:60)
	at org.gradle.process.internal.worker.child.ActionExecutionWorker.execute(ActionExecutionWorker.java:56)
	at org.gradle.process.internal.worker.child.SystemApplicationClassLoaderWorker.call(SystemApplicationClassLoaderWorker.java:133)
	at org.gradle.process.internal.worker.child.SystemApplicationClassLoaderWorker.call(SystemApplicationClassLoaderWorker.java:71)
	at worker.org.gradle.process.internal.worker.GradleWorkerMain.run(GradleWorkerMain.java:69)
	at worker.org.gradle.process.internal.worker.GradleWorkerMain.main(GradleWorkerMain.java:74)
</pre>
</span>
</div>
<div class="test">
<a name="deleteByIdDeletesCorrectRestaurant"></a>
<h3 class="failures">deleteByIdDeletesCorrectRestaurant</h3>
<span class="code">
<pre>org.sql2o.Sql2oException: Could not acquire a connection from DataSource - Syntax error in SQL statement &quot;

CREATE TABLE IF NOT EXISTS REVIEWS (
 ID INT PRIMARY KEY AUTO_INCREMENT,
 WRITTENBY VARCHAR,
 CONTENT VARCHAR,
 RATING VARCHAR,
 RESTAURANTID INTEGER
 CREATEDAT[*] BIGINT
) &quot;; expected &quot;(, FOR, UNSIGNED, NOT, NULL, AS, DEFAULT, GENERATED, NOT, NULL, AUTO_INCREMENT, BIGSERIAL, SERIAL, IDENTITY, NULL_TO_DEFAULT, SEQUENCE, SELECTIVITY, COMMENT, CONSTRAINT, PRIMARY, UNIQUE, NOT, NULL, CHECK, REFERENCES, ,, )&quot;; SQL statement:


CREATE TABLE IF NOT EXISTS reviews (
 id int PRIMARY KEY auto_increment,
 writtenby VARCHAR,
 content VARCHAR,
 rating VARCHAR,
 restaurantid INTEGER
 createdat BIGINT
) [42001-191]
	at app//org.sql2o.Connection.createConnection(Connection.java:291)
	at app//org.sql2o.Connection.&lt;init&gt;(Connection.java:51)
	at app//org.sql2o.Sql2o.open(Sql2o.java:225)
	at app//dao.Sql2oRestaurantDaoTest.setUp(Sql2oRestaurantDaoTest.java:29)
	at java.base@11.0.17/jdk.internal.reflect.NativeMethodAccessorImpl.invoke0(Native Method)
	at java.base@11.0.17/jdk.internal.reflect.NativeMethodAccessorImpl.invoke(NativeMethodAccessorImpl.java:62)
	at java.base@11.0.17/jdk.internal.reflect.DelegatingMethodAccessorImpl.invoke(DelegatingMethodAccessorImpl.java:43)
	at java.base@11.0.17/java.lang.reflect.Method.invoke(Method.java:566)
	at app//org.junit.runners.model.FrameworkMethod$1.runReflectiveCall(FrameworkMethod.java:50)
	at app//org.junit.internal.runners.model.ReflectiveCallable.run(ReflectiveCallable.java:12)
	at app//org.junit.runners.model.FrameworkMethod.invokeExplosively(FrameworkMethod.java:47)
	at app//org.junit.internal.runners.statements.RunBefores.evaluate(RunBefores.java:24)
	at app//org.junit.internal.runners.statements.RunAfters.evaluate(RunAfters.java:27)
	at app//org.junit.runners.ParentRunner.runLeaf(ParentRunner.java:325)
	at app//org.junit.runners.BlockJUnit4ClassRunner.runChild(BlockJUnit4ClassRunner.java:78)
	at app//org.junit.runners.BlockJUnit4ClassRunner.runChild(BlockJUnit4ClassRunner.java:57)
	at app//org.junit.runners.ParentRunner$3.run(ParentRunner.java:290)
	at app//org.junit.runners.ParentRunner$1.schedule(ParentRunner.java:71)
	at app//org.junit.runners.ParentRunner.runChildren(ParentRunner.java:288)
	at app//org.junit.runners.ParentRunner.access$000(ParentRunner.java:58)
	at app//org.junit.runners.ParentRunner$2.evaluate(ParentRunner.java:268)
	at app//org.junit.runners.ParentRunner.run(ParentRunner.java:363)
	at org.gradle.api.internal.tasks.testing.junit.JUnitTestClassExecutor.runTestClass(JUnitTestClassExecutor.java:110)
	at org.gradle.api.internal.tasks.testing.junit.JUnitTestClassExecutor.execute(JUnitTestClassExecutor.java:58)
	at org.gradle.api.internal.tasks.testing.junit.JUnitTestClassExecutor.execute(JUnitTestClassExecutor.java:38)
	at org.gradle.api.internal.tasks.testing.junit.AbstractJUnitTestClassProcessor.processTestClass(AbstractJUnitTestClassProcessor.java:62)
	at org.gradle.api.internal.tasks.testing.SuiteTestClassProcessor.processTestClass(SuiteTestClassProcessor.java:51)
	at java.base@11.0.17/jdk.internal.reflect.NativeMethodAccessorImpl.invoke0(Native Method)
	at java.base@11.0.17/jdk.internal.reflect.NativeMethodAccessorImpl.invoke(NativeMethodAccessorImpl.java:62)
	at java.base@11.0.17/jdk.internal.reflect.DelegatingMethodAccessorImpl.invoke(DelegatingMethodAccessorImpl.java:43)
	at java.base@11.0.17/java.lang.reflect.Method.invoke(Method.java:566)
	at org.gradle.internal.dispatch.ReflectionDispatch.dispatch(ReflectionDispatch.java:36)
	at org.gradle.internal.dispatch.ReflectionDispatch.dispatch(ReflectionDispatch.java:24)
	at org.gradle.internal.dispatch.ContextClassLoaderDispatch.dispatch(ContextClassLoaderDispatch.java:33)
	at org.gradle.internal.dispatch.ProxyDispatchAdapter$DispatchingInvocationHandler.invoke(ProxyDispatchAdapter.java:94)
	at com.sun.proxy.$Proxy2.processTestClass(Unknown Source)
	at org.gradle.api.internal.tasks.testing.worker.TestWorker$2.run(TestWorker.java:176)
	at org.gradle.api.internal.tasks.testing.worker.TestWorker.executeAndMaintainThreadName(TestWorker.java:129)
	at org.gradle.api.internal.tasks.testing.worker.TestWorker.execute(TestWorker.java:100)
	at org.gradle.api.internal.tasks.testing.worker.TestWorker.execute(TestWorker.java:60)
	at org.gradle.process.internal.worker.child.ActionExecutionWorker.execute(ActionExecutionWorker.java:56)
	at org.gradle.process.internal.worker.child.SystemApplicationClassLoaderWorker.call(SystemApplicationClassLoaderWorker.java:133)
	at org.gradle.process.internal.worker.child.SystemApplicationClassLoaderWorker.call(SystemApplicationClassLoaderWorker.java:71)
	at app//worker.org.gradle.process.internal.worker.GradleWorkerMain.run(GradleWorkerMain.java:69)
	at app//worker.org.gradle.process.internal.worker.GradleWorkerMain.main(GradleWorkerMain.java:74)
Caused by: org.h2.jdbc.JdbcSQLException: Syntax error in SQL statement &quot;

CREATE TABLE IF NOT EXISTS REVIEWS (
 ID INT PRIMARY KEY AUTO_INCREMENT,
 WRITTENBY VARCHAR,
 CONTENT VARCHAR,
 RATING VARCHAR,
 RESTAURANTID INTEGER
 CREATEDAT[*] BIGINT
) &quot;; expected &quot;(, FOR, UNSIGNED, NOT, NULL, AS, DEFAULT, GENERATED, NOT, NULL, AUTO_INCREMENT, BIGSERIAL, SERIAL, IDENTITY, NULL_TO_DEFAULT, SEQUENCE, SELECTIVITY, COMMENT, CONSTRAINT, PRIMARY, UNIQUE, NOT, NULL, CHECK, REFERENCES, ,, )&quot;; SQL statement:


CREATE TABLE IF NOT EXISTS reviews (
 id int PRIMARY KEY auto_increment,
 writtenby VARCHAR,
 content VARCHAR,
 rating VARCHAR,
 restaurantid INTEGER
 createdat BIGINT
) [42001-191]
	at app//org.h2.message.DbException.getJdbcSQLException(DbException.java:345)
	at app//org.h2.message.DbException.getSyntaxError(DbException.java:205)
	at app//org.h2.command.Parser.getSyntaxError(Parser.java:535)
	at app//org.h2.command.Parser.read(Parser.java:3170)
	at app//org.h2.command.Parser.readIfMore(Parser.java:873)
	at app//org.h2.command.Parser.parseCreateTable(Parser.java:5930)
	at app//org.h2.command.Parser.parseCreate(Parser.java:4217)
	at app//org.h2.command.Parser.parsePrepared(Parser.java:360)
	at app//org.h2.command.Parser.parse(Parser.java:315)
	at app//org.h2.command.Parser.parse(Parser.java:291)
	at app//org.h2.command.Parser.prepare(Parser.java:236)
	at app//org.h2.engine.Session.prepare(Session.java:525)
	at app//org.h2.engine.Session.prepare(Session.java:512)
	at app//org.h2.command.dml.RunScriptCommand.execute(RunScriptCommand.java:74)
	at app//org.h2.command.dml.RunScriptCommand.update(RunScriptCommand.java:57)
	at app//org.h2.command.CommandContainer.update(CommandContainer.java:98)
	at app//org.h2.command.Command.executeUpdate(Command.java:258)
	at app//org.h2.engine.Engine.openSession(Engine.java:222)
	at app//org.h2.engine.Engine.createSessionAndValidate(Engine.java:153)
	at app//org.h2.engine.Engine.createSession(Engine.java:136)
	at app//org.h2.engine.Engine.createSession(Engine.java:28)
	at app//org.h2.engine.SessionRemote.connectEmbeddedOrServer(SessionRemote.java:349)
	at app//org.h2.jdbc.JdbcConnection.&lt;init&gt;(JdbcConnection.java:107)
	at app//org.h2.jdbc.JdbcConnection.&lt;init&gt;(JdbcConnection.java:91)
	at app//org.h2.Driver.connect(Driver.java:72)
	at platform/java.sql@11.0.17/java.sql.DriverManager.getConnection(DriverManager.java:677)
	at platform/java.sql@11.0.17/java.sql.DriverManager.getConnection(DriverManager.java:189)
	at app//org.sql2o.GenericDatasource.getConnection(GenericDatasource.java:62)
	at app//org.sql2o.Connection.createConnection(Connection.java:288)
	... 44 more
</pre>
</span>
<span class="code">
<pre>java.lang.NullPointerException
	at dao.Sql2oRestaurantDaoTest.tearDown(Sql2oRestaurantDaoTest.java:34)
	at java.base/jdk.internal.reflect.NativeMethodAccessorImpl.invoke0(Native Method)
	at java.base/jdk.internal.reflect.NativeMethodAccessorImpl.invoke(NativeMethodAccessorImpl.java:62)
	at java.base/jdk.internal.reflect.DelegatingMethodAccessorImpl.invoke(DelegatingMethodAccessorImpl.java:43)
	at java.base/java.lang.reflect.Method.invoke(Method.java:566)
	at org.junit.runners.model.FrameworkMethod$1.runReflectiveCall(FrameworkMethod.java:50)
	at org.junit.internal.runners.model.ReflectiveCallable.run(ReflectiveCallable.java:12)
	at org.junit.runners.model.FrameworkMethod.invokeExplosively(FrameworkMethod.java:47)
	at org.junit.internal.runners.statements.RunAfters.evaluate(RunAfters.java:33)
	at org.junit.runners.ParentRunner.runLeaf(ParentRunner.java:325)
	at org.junit.runners.BlockJUnit4ClassRunner.runChild(BlockJUnit4ClassRunner.java:78)
	at org.junit.runners.BlockJUnit4ClassRunner.runChild(BlockJUnit4ClassRunner.java:57)
	at org.junit.runners.ParentRunner$3.run(ParentRunner.java:290)
	at org.junit.runners.ParentRunner$1.schedule(ParentRunner.java:71)
	at org.junit.runners.ParentRunner.runChildren(ParentRunner.java:288)
	at org.junit.runners.ParentRunner.access$000(ParentRunner.java:58)
	at org.junit.runners.ParentRunner$2.evaluate(ParentRunner.java:268)
	at org.junit.runners.ParentRunner.run(ParentRunner.java:363)
	at org.gradle.api.internal.tasks.testing.junit.JUnitTestClassExecutor.runTestClass(JUnitTestClassExecutor.java:110)
	at org.gradle.api.internal.tasks.testing.junit.JUnitTestClassExecutor.execute(JUnitTestClassExecutor.java:58)
	at org.gradle.api.internal.tasks.testing.junit.JUnitTestClassExecutor.execute(JUnitTestClassExecutor.java:38)
	at org.gradle.api.internal.tasks.testing.junit.AbstractJUnitTestClassProcessor.processTestClass(AbstractJUnitTestClassProcessor.java:62)
	at org.gradle.api.internal.tasks.testing.SuiteTestClassProcessor.processTestClass(SuiteTestClassProcessor.java:51)
	at java.base/jdk.internal.reflect.NativeMethodAccessorImpl.invoke0(Native Method)
	at java.base/jdk.internal.reflect.NativeMethodAccessorImpl.invoke(NativeMethodAccessorImpl.java:62)
	at java.base/jdk.internal.reflect.DelegatingMethodAccessorImpl.invoke(DelegatingMethodAccessorImpl.java:43)
	at java.base/java.lang.reflect.Method.invoke(Method.java:566)
	at org.gradle.internal.dispatch.ReflectionDispatch.dispatch(ReflectionDispatch.java:36)
	at org.gradle.internal.dispatch.ReflectionDispatch.dispatch(ReflectionDispatch.java:24)
	at org.gradle.internal.dispatch.ContextClassLoaderDispatch.dispatch(ContextClassLoaderDispatch.java:33)
	at org.gradle.internal.dispatch.ProxyDispatchAdapter$DispatchingInvocationHandler.invoke(ProxyDispatchAdapter.java:94)
	at com.sun.proxy.$Proxy2.processTestClass(Unknown Source)
	at org.gradle.api.internal.tasks.testing.worker.TestWorker$2.run(TestWorker.java:176)
	at org.gradle.api.internal.tasks.testing.worker.TestWorker.executeAndMaintainThreadName(TestWorker.java:129)
	at org.gradle.api.internal.tasks.testing.worker.TestWorker.execute(TestWorker.java:100)
	at org.gradle.api.internal.tasks.testing.worker.TestWorker.execute(TestWorker.java:60)
	at org.gradle.process.internal.worker.child.ActionExecutionWorker.execute(ActionExecutionWorker.java:56)
	at org.gradle.process.internal.worker.child.SystemApplicationClassLoaderWorker.call(SystemApplicationClassLoaderWorker.java:133)
	at org.gradle.process.internal.worker.child.SystemApplicationClassLoaderWorker.call(SystemApplicationClassLoaderWorker.java:71)
	at worker.org.gradle.process.internal.worker.GradleWorkerMain.run(GradleWorkerMain.java:69)
	at worker.org.gradle.process.internal.worker.GradleWorkerMain.main(GradleWorkerMain.java:74)
</pre>
</span>
</div>
<div class="test">
<a name="findByIdReturnsCorrectRestaurant"></a>
<h3 class="failures">findByIdReturnsCorrectRestaurant</h3>
<span class="code">
<pre>org.sql2o.Sql2oException: Could not acquire a connection from DataSource - Syntax error in SQL statement &quot;

CREATE TABLE IF NOT EXISTS REVIEWS (
 ID INT PRIMARY KEY AUTO_INCREMENT,
 WRITTENBY VARCHAR,
 CONTENT VARCHAR,
 RATING VARCHAR,
 RESTAURANTID INTEGER
 CREATEDAT[*] BIGINT
) &quot;; expected &quot;(, FOR, UNSIGNED, NOT, NULL, AS, DEFAULT, GENERATED, NOT, NULL, AUTO_INCREMENT, BIGSERIAL, SERIAL, IDENTITY, NULL_TO_DEFAULT, SEQUENCE, SELECTIVITY, COMMENT, CONSTRAINT, PRIMARY, UNIQUE, NOT, NULL, CHECK, REFERENCES, ,, )&quot;; SQL statement:


CREATE TABLE IF NOT EXISTS reviews (
 id int PRIMARY KEY auto_increment,
 writtenby VARCHAR,
 content VARCHAR,
 rating VARCHAR,
 restaurantid INTEGER
 createdat BIGINT
) [42001-191]
	at app//org.sql2o.Connection.createConnection(Connection.java:291)
	at app//org.sql2o.Connection.&lt;init&gt;(Connection.java:51)
	at app//org.sql2o.Sql2o.open(Sql2o.java:225)
	at app//dao.Sql2oRestaurantDaoTest.setUp(Sql2oRestaurantDaoTest.java:29)
	at java.base@11.0.17/jdk.internal.reflect.NativeMethodAccessorImpl.invoke0(Native Method)
	at java.base@11.0.17/jdk.internal.reflect.NativeMethodAccessorImpl.invoke(NativeMethodAccessorImpl.java:62)
	at java.base@11.0.17/jdk.internal.reflect.DelegatingMethodAccessorImpl.invoke(DelegatingMethodAccessorImpl.java:43)
	at java.base@11.0.17/java.lang.reflect.Method.invoke(Method.java:566)
	at app//org.junit.runners.model.FrameworkMethod$1.runReflectiveCall(FrameworkMethod.java:50)
	at app//org.junit.internal.runners.model.ReflectiveCallable.run(ReflectiveCallable.java:12)
	at app//org.junit.runners.model.FrameworkMethod.invokeExplosively(FrameworkMethod.java:47)
	at app//org.junit.internal.runners.statements.RunBefores.evaluate(RunBefores.java:24)
	at app//org.junit.internal.runners.statements.RunAfters.evaluate(RunAfters.java:27)
	at app//org.junit.runners.ParentRunner.runLeaf(ParentRunner.java:325)
	at app//org.junit.runners.BlockJUnit4ClassRunner.runChild(BlockJUnit4ClassRunner.java:78)
	at app//org.junit.runners.BlockJUnit4ClassRunner.runChild(BlockJUnit4ClassRunner.java:57)
	at app//org.junit.runners.ParentRunner$3.run(ParentRunner.java:290)
	at app//org.junit.runners.ParentRunner$1.schedule(ParentRunner.java:71)
	at app//org.junit.runners.ParentRunner.runChildren(ParentRunner.java:288)
	at app//org.junit.runners.ParentRunner.access$000(ParentRunner.java:58)
	at app//org.junit.runners.ParentRunner$2.evaluate(ParentRunner.java:268)
	at app//org.junit.runners.ParentRunner.run(ParentRunner.java:363)
	at org.gradle.api.internal.tasks.testing.junit.JUnitTestClassExecutor.runTestClass(JUnitTestClassExecutor.java:110)
	at org.gradle.api.internal.tasks.testing.junit.JUnitTestClassExecutor.execute(JUnitTestClassExecutor.java:58)
	at org.gradle.api.internal.tasks.testing.junit.JUnitTestClassExecutor.execute(JUnitTestClassExecutor.java:38)
	at org.gradle.api.internal.tasks.testing.junit.AbstractJUnitTestClassProcessor.processTestClass(AbstractJUnitTestClassProcessor.java:62)
	at org.gradle.api.internal.tasks.testing.SuiteTestClassProcessor.processTestClass(SuiteTestClassProcessor.java:51)
	at java.base@11.0.17/jdk.internal.reflect.NativeMethodAccessorImpl.invoke0(Native Method)
	at java.base@11.0.17/jdk.internal.reflect.NativeMethodAccessorImpl.invoke(NativeMethodAccessorImpl.java:62)
	at java.base@11.0.17/jdk.internal.reflect.DelegatingMethodAccessorImpl.invoke(DelegatingMethodAccessorImpl.java:43)
	at java.base@11.0.17/java.lang.reflect.Method.invoke(Method.java:566)
	at org.gradle.internal.dispatch.ReflectionDispatch.dispatch(ReflectionDispatch.java:36)
	at org.gradle.internal.dispatch.ReflectionDispatch.dispatch(ReflectionDispatch.java:24)
	at org.gradle.internal.dispatch.ContextClassLoaderDispatch.dispatch(ContextClassLoaderDispatch.java:33)
	at org.gradle.internal.dispatch.ProxyDispatchAdapter$DispatchingInvocationHandler.invoke(ProxyDispatchAdapter.java:94)
	at com.sun.proxy.$Proxy2.processTestClass(Unknown Source)
	at org.gradle.api.internal.tasks.testing.worker.TestWorker$2.run(TestWorker.java:176)
	at org.gradle.api.internal.tasks.testing.worker.TestWorker.executeAndMaintainThreadName(TestWorker.java:129)
	at org.gradle.api.internal.tasks.testing.worker.TestWorker.execute(TestWorker.java:100)
	at org.gradle.api.internal.tasks.testing.worker.TestWorker.execute(TestWorker.java:60)
	at org.gradle.process.internal.worker.child.ActionExecutionWorker.execute(ActionExecutionWorker.java:56)
	at org.gradle.process.internal.worker.child.SystemApplicationClassLoaderWorker.call(SystemApplicationClassLoaderWorker.java:133)
	at org.gradle.process.internal.worker.child.SystemApplicationClassLoaderWorker.call(SystemApplicationClassLoaderWorker.java:71)
	at app//worker.org.gradle.process.internal.worker.GradleWorkerMain.run(GradleWorkerMain.java:69)
	at app//worker.org.gradle.process.internal.worker.GradleWorkerMain.main(GradleWorkerMain.java:74)
Caused by: org.h2.jdbc.JdbcSQLException: Syntax error in SQL statement &quot;

CREATE TABLE IF NOT EXISTS REVIEWS (
 ID INT PRIMARY KEY AUTO_INCREMENT,
 WRITTENBY VARCHAR,
 CONTENT VARCHAR,
 RATING VARCHAR,
 RESTAURANTID INTEGER
 CREATEDAT[*] BIGINT
) &quot;; expected &quot;(, FOR, UNSIGNED, NOT, NULL, AS, DEFAULT, GENERATED, NOT, NULL, AUTO_INCREMENT, BIGSERIAL, SERIAL, IDENTITY, NULL_TO_DEFAULT, SEQUENCE, SELECTIVITY, COMMENT, CONSTRAINT, PRIMARY, UNIQUE, NOT, NULL, CHECK, REFERENCES, ,, )&quot;; SQL statement:


CREATE TABLE IF NOT EXISTS reviews (
 id int PRIMARY KEY auto_increment,
 writtenby VARCHAR,
 content VARCHAR,
 rating VARCHAR,
 restaurantid INTEGER
 createdat BIGINT
) [42001-191]
	at app//org.h2.message.DbException.getJdbcSQLException(DbException.java:345)
	at app//org.h2.message.DbException.getSyntaxError(DbException.java:205)
	at app//org.h2.command.Parser.getSyntaxError(Parser.java:535)
	at app//org.h2.command.Parser.read(Parser.java:3170)
	at app//org.h2.command.Parser.readIfMore(Parser.java:873)
	at app//org.h2.command.Parser.parseCreateTable(Parser.java:5930)
	at app//org.h2.command.Parser.parseCreate(Parser.java:4217)
	at app//org.h2.command.Parser.parsePrepared(Parser.java:360)
	at app//org.h2.command.Parser.parse(Parser.java:315)
	at app//org.h2.command.Parser.parse(Parser.java:291)
	at app//org.h2.command.Parser.prepare(Parser.java:236)
	at app//org.h2.engine.Session.prepare(Session.java:525)
	at app//org.h2.engine.Session.prepare(Session.java:512)
	at app//org.h2.command.dml.RunScriptCommand.execute(RunScriptCommand.java:74)
	at app//org.h2.command.dml.RunScriptCommand.update(RunScriptCommand.java:57)
	at app//org.h2.command.CommandContainer.update(CommandContainer.java:98)
	at app//org.h2.command.Command.executeUpdate(Command.java:258)
	at app//org.h2.engine.Engine.openSession(Engine.java:222)
	at app//org.h2.engine.Engine.createSessionAndValidate(Engine.java:153)
	at app//org.h2.engine.Engine.createSession(Engine.java:136)
	at app//org.h2.engine.Engine.createSession(Engine.java:28)
	at app//org.h2.engine.SessionRemote.connectEmbeddedOrServer(SessionRemote.java:349)
	at app//org.h2.jdbc.JdbcConnection.&lt;init&gt;(JdbcConnection.java:107)
	at app//org.h2.jdbc.JdbcConnection.&lt;init&gt;(JdbcConnection.java:91)
	at app//org.h2.Driver.connect(Driver.java:72)
	at platform/java.sql@11.0.17/java.sql.DriverManager.getConnection(DriverManager.java:677)
	at platform/java.sql@11.0.17/java.sql.DriverManager.getConnection(DriverManager.java:189)
	at app//org.sql2o.GenericDatasource.getConnection(GenericDatasource.java:62)
	at app//org.sql2o.Connection.createConnection(Connection.java:288)
	... 44 more
</pre>
</span>
<span class="code">
<pre>java.lang.NullPointerException
	at dao.Sql2oRestaurantDaoTest.tearDown(Sql2oRestaurantDaoTest.java:34)
	at java.base/jdk.internal.reflect.NativeMethodAccessorImpl.invoke0(Native Method)
	at java.base/jdk.internal.reflect.NativeMethodAccessorImpl.invoke(NativeMethodAccessorImpl.java:62)
	at java.base/jdk.internal.reflect.DelegatingMethodAccessorImpl.invoke(DelegatingMethodAccessorImpl.java:43)
	at java.base/java.lang.reflect.Method.invoke(Method.java:566)
	at org.junit.runners.model.FrameworkMethod$1.runReflectiveCall(FrameworkMethod.java:50)
	at org.junit.internal.runners.model.ReflectiveCallable.run(ReflectiveCallable.java:12)
	at org.junit.runners.model.FrameworkMethod.invokeExplosively(FrameworkMethod.java:47)
	at org.junit.internal.runners.statements.RunAfters.evaluate(RunAfters.java:33)
	at org.junit.runners.ParentRunner.runLeaf(ParentRunner.java:325)
	at org.junit.runners.BlockJUnit4ClassRunner.runChild(BlockJUnit4ClassRunner.java:78)
	at org.junit.runners.BlockJUnit4ClassRunner.runChild(BlockJUnit4ClassRunner.java:57)
	at org.junit.runners.ParentRunner$3.run(ParentRunner.java:290)
	at org.junit.runners.ParentRunner$1.schedule(ParentRunner.java:71)
	at org.junit.runners.ParentRunner.runChildren(ParentRunner.java:288)
	at org.junit.runners.ParentRunner.access$000(ParentRunner.java:58)
	at org.junit.runners.ParentRunner$2.evaluate(ParentRunner.java:268)
	at org.junit.runners.ParentRunner.run(ParentRunner.java:363)
	at org.gradle.api.internal.tasks.testing.junit.JUnitTestClassExecutor.runTestClass(JUnitTestClassExecutor.java:110)
	at org.gradle.api.internal.tasks.testing.junit.JUnitTestClassExecutor.execute(JUnitTestClassExecutor.java:58)
	at org.gradle.api.internal.tasks.testing.junit.JUnitTestClassExecutor.execute(JUnitTestClassExecutor.java:38)
	at org.gradle.api.internal.tasks.testing.junit.AbstractJUnitTestClassProcessor.processTestClass(AbstractJUnitTestClassProcessor.java:62)
	at org.gradle.api.internal.tasks.testing.SuiteTestClassProcessor.processTestClass(SuiteTestClassProcessor.java:51)
	at java.base/jdk.internal.reflect.NativeMethodAccessorImpl.invoke0(Native Method)
	at java.base/jdk.internal.reflect.NativeMethodAccessorImpl.invoke(NativeMethodAccessorImpl.java:62)
	at java.base/jdk.internal.reflect.DelegatingMethodAccessorImpl.invoke(DelegatingMethodAccessorImpl.java:43)
	at java.base/java.lang.reflect.Method.invoke(Method.java:566)
	at org.gradle.internal.dispatch.ReflectionDispatch.dispatch(ReflectionDispatch.java:36)
	at org.gradle.internal.dispatch.ReflectionDispatch.dispatch(ReflectionDispatch.java:24)
	at org.gradle.internal.dispatch.ContextClassLoaderDispatch.dispatch(ContextClassLoaderDispatch.java:33)
	at org.gradle.internal.dispatch.ProxyDispatchAdapter$DispatchingInvocationHandler.invoke(ProxyDispatchAdapter.java:94)
	at com.sun.proxy.$Proxy2.processTestClass(Unknown Source)
	at org.gradle.api.internal.tasks.testing.worker.TestWorker$2.run(TestWorker.java:176)
	at org.gradle.api.internal.tasks.testing.worker.TestWorker.executeAndMaintainThreadName(TestWorker.java:129)
	at org.gradle.api.internal.tasks.testing.worker.TestWorker.execute(TestWorker.java:100)
	at org.gradle.api.internal.tasks.testing.worker.TestWorker.execute(TestWorker.java:60)
	at org.gradle.process.internal.worker.child.ActionExecutionWorker.execute(ActionExecutionWorker.java:56)
	at org.gradle.process.internal.worker.child.SystemApplicationClassLoaderWorker.call(SystemApplicationClassLoaderWorker.java:133)
	at org.gradle.process.internal.worker.child.SystemApplicationClassLoaderWorker.call(SystemApplicationClassLoaderWorker.java:71)
	at worker.org.gradle.process.internal.worker.GradleWorkerMain.run(GradleWorkerMain.java:69)
	at worker.org.gradle.process.internal.worker.GradleWorkerMain.main(GradleWorkerMain.java:74)
</pre>
</span>
</div>
<div class="test">
<a name="noRestaurantsReturnsEmptyList"></a>
<h3 class="failures">noRestaurantsReturnsEmptyList</h3>
<span class="code">
<pre>org.sql2o.Sql2oException: Could not acquire a connection from DataSource - Syntax error in SQL statement &quot;

CREATE TABLE IF NOT EXISTS REVIEWS (
 ID INT PRIMARY KEY AUTO_INCREMENT,
 WRITTENBY VARCHAR,
 CONTENT VARCHAR,
 RATING VARCHAR,
 RESTAURANTID INTEGER
 CREATEDAT[*] BIGINT
) &quot;; expected &quot;(, FOR, UNSIGNED, NOT, NULL, AS, DEFAULT, GENERATED, NOT, NULL, AUTO_INCREMENT, BIGSERIAL, SERIAL, IDENTITY, NULL_TO_DEFAULT, SEQUENCE, SELECTIVITY, COMMENT, CONSTRAINT, PRIMARY, UNIQUE, NOT, NULL, CHECK, REFERENCES, ,, )&quot;; SQL statement:


CREATE TABLE IF NOT EXISTS reviews (
 id int PRIMARY KEY auto_increment,
 writtenby VARCHAR,
 content VARCHAR,
 rating VARCHAR,
 restaurantid INTEGER
 createdat BIGINT
) [42001-191]
	at app//org.sql2o.Connection.createConnection(Connection.java:291)
	at app//org.sql2o.Connection.&lt;init&gt;(Connection.java:51)
	at app//org.sql2o.Sql2o.open(Sql2o.java:225)
	at app//dao.Sql2oRestaurantDaoTest.setUp(Sql2oRestaurantDaoTest.java:29)
	at java.base@11.0.17/jdk.internal.reflect.NativeMethodAccessorImpl.invoke0(Native Method)
	at java.base@11.0.17/jdk.internal.reflect.NativeMethodAccessorImpl.invoke(NativeMethodAccessorImpl.java:62)
	at java.base@11.0.17/jdk.internal.reflect.DelegatingMethodAccessorImpl.invoke(DelegatingMethodAccessorImpl.java:43)
	at java.base@11.0.17/java.lang.reflect.Method.invoke(Method.java:566)
	at app//org.junit.runners.model.FrameworkMethod$1.runReflectiveCall(FrameworkMethod.java:50)
	at app//org.junit.internal.runners.model.ReflectiveCallable.run(ReflectiveCallable.java:12)
	at app//org.junit.runners.model.FrameworkMethod.invokeExplosively(FrameworkMethod.java:47)
	at app//org.junit.internal.runners.statements.RunBefores.evaluate(RunBefores.java:24)
	at app//org.junit.internal.runners.statements.RunAfters.evaluate(RunAfters.java:27)
	at app//org.junit.runners.ParentRunner.runLeaf(ParentRunner.java:325)
	at app//org.junit.runners.BlockJUnit4ClassRunner.runChild(BlockJUnit4ClassRunner.java:78)
	at app//org.junit.runners.BlockJUnit4ClassRunner.runChild(BlockJUnit4ClassRunner.java:57)
	at app//org.junit.runners.ParentRunner$3.run(ParentRunner.java:290)
	at app//org.junit.runners.ParentRunner$1.schedule(ParentRunner.java:71)
	at app//org.junit.runners.ParentRunner.runChildren(ParentRunner.java:288)
	at app//org.junit.runners.ParentRunner.access$000(ParentRunner.java:58)
	at app//org.junit.runners.ParentRunner$2.evaluate(ParentRunner.java:268)
	at app//org.junit.runners.ParentRunner.run(ParentRunner.java:363)
	at org.gradle.api.internal.tasks.testing.junit.JUnitTestClassExecutor.runTestClass(JUnitTestClassExecutor.java:110)
	at org.gradle.api.internal.tasks.testing.junit.JUnitTestClassExecutor.execute(JUnitTestClassExecutor.java:58)
	at org.gradle.api.internal.tasks.testing.junit.JUnitTestClassExecutor.execute(JUnitTestClassExecutor.java:38)
	at org.gradle.api.internal.tasks.testing.junit.AbstractJUnitTestClassProcessor.processTestClass(AbstractJUnitTestClassProcessor.java:62)
	at org.gradle.api.internal.tasks.testing.SuiteTestClassProcessor.processTestClass(SuiteTestClassProcessor.java:51)
	at java.base@11.0.17/jdk.internal.reflect.NativeMethodAccessorImpl.invoke0(Native Method)
	at java.base@11.0.17/jdk.internal.reflect.NativeMethodAccessorImpl.invoke(NativeMethodAccessorImpl.java:62)
	at java.base@11.0.17/jdk.internal.reflect.DelegatingMethodAccessorImpl.invoke(DelegatingMethodAccessorImpl.java:43)
	at java.base@11.0.17/java.lang.reflect.Method.invoke(Method.java:566)
	at org.gradle.internal.dispatch.ReflectionDispatch.dispatch(ReflectionDispatch.java:36)
	at org.gradle.internal.dispatch.ReflectionDispatch.dispatch(ReflectionDispatch.java:24)
	at org.gradle.internal.dispatch.ContextClassLoaderDispatch.dispatch(ContextClassLoaderDispatch.java:33)
	at org.gradle.internal.dispatch.ProxyDispatchAdapter$DispatchingInvocationHandler.invoke(ProxyDispatchAdapter.java:94)
	at com.sun.proxy.$Proxy2.processTestClass(Unknown Source)
	at org.gradle.api.internal.tasks.testing.worker.TestWorker$2.run(TestWorker.java:176)
	at org.gradle.api.internal.tasks.testing.worker.TestWorker.executeAndMaintainThreadName(TestWorker.java:129)
	at org.gradle.api.internal.tasks.testing.worker.TestWorker.execute(TestWorker.java:100)
	at org.gradle.api.internal.tasks.testing.worker.TestWorker.execute(TestWorker.java:60)
	at org.gradle.process.internal.worker.child.ActionExecutionWorker.execute(ActionExecutionWorker.java:56)
	at org.gradle.process.internal.worker.child.SystemApplicationClassLoaderWorker.call(SystemApplicationClassLoaderWorker.java:133)
	at org.gradle.process.internal.worker.child.SystemApplicationClassLoaderWorker.call(SystemApplicationClassLoaderWorker.java:71)
	at app//worker.org.gradle.process.internal.worker.GradleWorkerMain.run(GradleWorkerMain.java:69)
	at app//worker.org.gradle.process.internal.worker.GradleWorkerMain.main(GradleWorkerMain.java:74)
Caused by: org.h2.jdbc.JdbcSQLException: Syntax error in SQL statement &quot;

CREATE TABLE IF NOT EXISTS REVIEWS (
 ID INT PRIMARY KEY AUTO_INCREMENT,
 WRITTENBY VARCHAR,
 CONTENT VARCHAR,
 RATING VARCHAR,
 RESTAURANTID INTEGER
 CREATEDAT[*] BIGINT
) &quot;; expected &quot;(, FOR, UNSIGNED, NOT, NULL, AS, DEFAULT, GENERATED, NOT, NULL, AUTO_INCREMENT, BIGSERIAL, SERIAL, IDENTITY, NULL_TO_DEFAULT, SEQUENCE, SELECTIVITY, COMMENT, CONSTRAINT, PRIMARY, UNIQUE, NOT, NULL, CHECK, REFERENCES, ,, )&quot;; SQL statement:


CREATE TABLE IF NOT EXISTS reviews (
 id int PRIMARY KEY auto_increment,
 writtenby VARCHAR,
 content VARCHAR,
 rating VARCHAR,
 restaurantid INTEGER
 createdat BIGINT
) [42001-191]
	at app//org.h2.message.DbException.getJdbcSQLException(DbException.java:345)
	at app//org.h2.message.DbException.getSyntaxError(DbException.java:205)
	at app//org.h2.command.Parser.getSyntaxError(Parser.java:535)
	at app//org.h2.command.Parser.read(Parser.java:3170)
	at app//org.h2.command.Parser.readIfMore(Parser.java:873)
	at app//org.h2.command.Parser.parseCreateTable(Parser.java:5930)
	at app//org.h2.command.Parser.parseCreate(Parser.java:4217)
	at app//org.h2.command.Parser.parsePrepared(Parser.java:360)
	at app//org.h2.command.Parser.parse(Parser.java:315)
	at app//org.h2.command.Parser.parse(Parser.java:291)
	at app//org.h2.command.Parser.prepare(Parser.java:236)
	at app//org.h2.engine.Session.prepare(Session.java:525)
	at app//org.h2.engine.Session.prepare(Session.java:512)
	at app//org.h2.command.dml.RunScriptCommand.execute(RunScriptCommand.java:74)
	at app//org.h2.command.dml.RunScriptCommand.update(RunScriptCommand.java:57)
	at app//org.h2.command.CommandContainer.update(CommandContainer.java:98)
	at app//org.h2.command.Command.executeUpdate(Command.java:258)
	at app//org.h2.engine.Engine.openSession(Engine.java:222)
	at app//org.h2.engine.Engine.createSessionAndValidate(Engine.java:153)
	at app//org.h2.engine.Engine.createSession(Engine.java:136)
	at app//org.h2.engine.Engine.createSession(Engine.java:28)
	at app//org.h2.engine.SessionRemote.connectEmbeddedOrServer(SessionRemote.java:349)
	at app//org.h2.jdbc.JdbcConnection.&lt;init&gt;(JdbcConnection.java:107)
	at app//org.h2.jdbc.JdbcConnection.&lt;init&gt;(JdbcConnection.java:91)
	at app//org.h2.Driver.connect(Driver.java:72)
	at platform/java.sql@11.0.17/java.sql.DriverManager.getConnection(DriverManager.java:677)
	at platform/java.sql@11.0.17/java.sql.DriverManager.getConnection(DriverManager.java:189)
	at app//org.sql2o.GenericDatasource.getConnection(GenericDatasource.java:62)
	at app//org.sql2o.Connection.createConnection(Connection.java:288)
	... 44 more
</pre>
</span>
<span class="code">
<pre>java.lang.NullPointerException
	at dao.Sql2oRestaurantDaoTest.tearDown(Sql2oRestaurantDaoTest.java:34)
	at java.base/jdk.internal.reflect.NativeMethodAccessorImpl.invoke0(Native Method)
	at java.base/jdk.internal.reflect.NativeMethodAccessorImpl.invoke(NativeMethodAccessorImpl.java:62)
	at java.base/jdk.internal.reflect.DelegatingMethodAccessorImpl.invoke(DelegatingMethodAccessorImpl.java:43)
	at java.base/java.lang.reflect.Method.invoke(Method.java:566)
	at org.junit.runners.model.FrameworkMethod$1.runReflectiveCall(FrameworkMethod.java:50)
	at org.junit.internal.runners.model.ReflectiveCallable.run(ReflectiveCallable.java:12)
	at org.junit.runners.model.FrameworkMethod.invokeExplosively(FrameworkMethod.java:47)
	at org.junit.internal.runners.statements.RunAfters.evaluate(RunAfters.java:33)
	at org.junit.runners.ParentRunner.runLeaf(ParentRunner.java:325)
	at org.junit.runners.BlockJUnit4ClassRunner.runChild(BlockJUnit4ClassRunner.java:78)
	at org.junit.runners.BlockJUnit4ClassRunner.runChild(BlockJUnit4ClassRunner.java:57)
	at org.junit.runners.ParentRunner$3.run(ParentRunner.java:290)
	at org.junit.runners.ParentRunner$1.schedule(ParentRunner.java:71)
	at org.junit.runners.ParentRunner.runChildren(ParentRunner.java:288)
	at org.junit.runners.ParentRunner.access$000(ParentRunner.java:58)
	at org.junit.runners.ParentRunner$2.evaluate(ParentRunner.java:268)
	at org.junit.runners.ParentRunner.run(ParentRunner.java:363)
	at org.gradle.api.internal.tasks.testing.junit.JUnitTestClassExecutor.runTestClass(JUnitTestClassExecutor.java:110)
	at org.gradle.api.internal.tasks.testing.junit.JUnitTestClassExecutor.execute(JUnitTestClassExecutor.java:58)
	at org.gradle.api.internal.tasks.testing.junit.JUnitTestClassExecutor.execute(JUnitTestClassExecutor.java:38)
	at org.gradle.api.internal.tasks.testing.junit.AbstractJUnitTestClassProcessor.processTestClass(AbstractJUnitTestClassProcessor.java:62)
	at org.gradle.api.internal.tasks.testing.SuiteTestClassProcessor.processTestClass(SuiteTestClassProcessor.java:51)
	at java.base/jdk.internal.reflect.NativeMethodAccessorImpl.invoke0(Native Method)
	at java.base/jdk.internal.reflect.NativeMethodAccessorImpl.invoke(NativeMethodAccessorImpl.java:62)
	at java.base/jdk.internal.reflect.DelegatingMethodAccessorImpl.invoke(DelegatingMethodAccessorImpl.java:43)
	at java.base/java.lang.reflect.Method.invoke(Method.java:566)
	at org.gradle.internal.dispatch.ReflectionDispatch.dispatch(ReflectionDispatch.java:36)
	at org.gradle.internal.dispatch.ReflectionDispatch.dispatch(ReflectionDispatch.java:24)
	at org.gradle.internal.dispatch.ContextClassLoaderDispatch.dispatch(ContextClassLoaderDispatch.java:33)
	at org.gradle.internal.dispatch.ProxyDispatchAdapter$DispatchingInvocationHandler.invoke(ProxyDispatchAdapter.java:94)
	at com.sun.proxy.$Proxy2.processTestClass(Unknown Source)
	at org.gradle.api.internal.tasks.testing.worker.TestWorker$2.run(TestWorker.java:176)
	at org.gradle.api.internal.tasks.testing.worker.TestWorker.executeAndMaintainThreadName(TestWorker.java:129)
	at org.gradle.api.internal.tasks.testing.worker.TestWorker.execute(TestWorker.java:100)
	at org.gradle.api.internal.tasks.testing.worker.TestWorker.execute(TestWorker.java:60)
	at org.gradle.process.internal.worker.child.ActionExecutionWorker.execute(ActionExecutionWorker.java:56)
	at org.gradle.process.internal.worker.child.SystemApplicationClassLoaderWorker.call(SystemApplicationClassLoaderWorker.java:133)
	at org.gradle.process.internal.worker.child.SystemApplicationClassLoaderWorker.call(SystemApplicationClassLoaderWorker.java:71)
	at worker.org.gradle.process.internal.worker.GradleWorkerMain.run(GradleWorkerMain.java:69)
	at worker.org.gradle.process.internal.worker.GradleWorkerMain.main(GradleWorkerMain.java:74)
</pre>
</span>
</div>
<div class="test">
<a name="updateCorrectlyUpdatesAllFields"></a>
<h3 class="failures">updateCorrectlyUpdatesAllFields</h3>
<span class="code">
<pre>org.sql2o.Sql2oException: Could not acquire a connection from DataSource - Syntax error in SQL statement &quot;

CREATE TABLE IF NOT EXISTS REVIEWS (
 ID INT PRIMARY KEY AUTO_INCREMENT,
 WRITTENBY VARCHAR,
 CONTENT VARCHAR,
 RATING VARCHAR,
 RESTAURANTID INTEGER
 CREATEDAT[*] BIGINT
) &quot;; expected &quot;(, FOR, UNSIGNED, NOT, NULL, AS, DEFAULT, GENERATED, NOT, NULL, AUTO_INCREMENT, BIGSERIAL, SERIAL, IDENTITY, NULL_TO_DEFAULT, SEQUENCE, SELECTIVITY, COMMENT, CONSTRAINT, PRIMARY, UNIQUE, NOT, NULL, CHECK, REFERENCES, ,, )&quot;; SQL statement:


CREATE TABLE IF NOT EXISTS reviews (
 id int PRIMARY KEY auto_increment,
 writtenby VARCHAR,
 content VARCHAR,
 rating VARCHAR,
 restaurantid INTEGER
 createdat BIGINT
) [42001-191]
	at app//org.sql2o.Connection.createConnection(Connection.java:291)
	at app//org.sql2o.Connection.&lt;init&gt;(Connection.java:51)
	at app//org.sql2o.Sql2o.open(Sql2o.java:225)
	at app//dao.Sql2oRestaurantDaoTest.setUp(Sql2oRestaurantDaoTest.java:29)
	at java.base@11.0.17/jdk.internal.reflect.NativeMethodAccessorImpl.invoke0(Native Method)
	at java.base@11.0.17/jdk.internal.reflect.NativeMethodAccessorImpl.invoke(NativeMethodAccessorImpl.java:62)
	at java.base@11.0.17/jdk.internal.reflect.DelegatingMethodAccessorImpl.invoke(DelegatingMethodAccessorImpl.java:43)
	at java.base@11.0.17/java.lang.reflect.Method.invoke(Method.java:566)
	at app//org.junit.runners.model.FrameworkMethod$1.runReflectiveCall(FrameworkMethod.java:50)
	at app//org.junit.internal.runners.model.ReflectiveCallable.run(ReflectiveCallable.java:12)
	at app//org.junit.runners.model.FrameworkMethod.invokeExplosively(FrameworkMethod.java:47)
	at app//org.junit.internal.runners.statements.RunBefores.evaluate(RunBefores.java:24)
	at app//org.junit.internal.runners.statements.RunAfters.evaluate(RunAfters.java:27)
	at app//org.junit.runners.ParentRunner.runLeaf(ParentRunner.java:325)
	at app//org.junit.runners.BlockJUnit4ClassRunner.runChild(BlockJUnit4ClassRunner.java:78)
	at app//org.junit.runners.BlockJUnit4ClassRunner.runChild(BlockJUnit4ClassRunner.java:57)
	at app//org.junit.runners.ParentRunner$3.run(ParentRunner.java:290)
	at app//org.junit.runners.ParentRunner$1.schedule(ParentRunner.java:71)
	at app//org.junit.runners.ParentRunner.runChildren(ParentRunner.java:288)
	at app//org.junit.runners.ParentRunner.access$000(ParentRunner.java:58)
	at app//org.junit.runners.ParentRunner$2.evaluate(ParentRunner.java:268)
	at app//org.junit.runners.ParentRunner.run(ParentRunner.java:363)
	at org.gradle.api.internal.tasks.testing.junit.JUnitTestClassExecutor.runTestClass(JUnitTestClassExecutor.java:110)
	at org.gradle.api.internal.tasks.testing.junit.JUnitTestClassExecutor.execute(JUnitTestClassExecutor.java:58)
	at org.gradle.api.internal.tasks.testing.junit.JUnitTestClassExecutor.execute(JUnitTestClassExecutor.java:38)
	at org.gradle.api.internal.tasks.testing.junit.AbstractJUnitTestClassProcessor.processTestClass(AbstractJUnitTestClassProcessor.java:62)
	at org.gradle.api.internal.tasks.testing.SuiteTestClassProcessor.processTestClass(SuiteTestClassProcessor.java:51)
	at java.base@11.0.17/jdk.internal.reflect.NativeMethodAccessorImpl.invoke0(Native Method)
	at java.base@11.0.17/jdk.internal.reflect.NativeMethodAccessorImpl.invoke(NativeMethodAccessorImpl.java:62)
	at java.base@11.0.17/jdk.internal.reflect.DelegatingMethodAccessorImpl.invoke(DelegatingMethodAccessorImpl.java:43)
	at java.base@11.0.17/java.lang.reflect.Method.invoke(Method.java:566)
	at org.gradle.internal.dispatch.ReflectionDispatch.dispatch(ReflectionDispatch.java:36)
	at org.gradle.internal.dispatch.ReflectionDispatch.dispatch(ReflectionDispatch.java:24)
	at org.gradle.internal.dispatch.ContextClassLoaderDispatch.dispatch(ContextClassLoaderDispatch.java:33)
	at org.gradle.internal.dispatch.ProxyDispatchAdapter$DispatchingInvocationHandler.invoke(ProxyDispatchAdapter.java:94)
	at com.sun.proxy.$Proxy2.processTestClass(Unknown Source)
	at org.gradle.api.internal.tasks.testing.worker.TestWorker$2.run(TestWorker.java:176)
	at org.gradle.api.internal.tasks.testing.worker.TestWorker.executeAndMaintainThreadName(TestWorker.java:129)
	at org.gradle.api.internal.tasks.testing.worker.TestWorker.execute(TestWorker.java:100)
	at org.gradle.api.internal.tasks.testing.worker.TestWorker.execute(TestWorker.java:60)
	at org.gradle.process.internal.worker.child.ActionExecutionWorker.execute(ActionExecutionWorker.java:56)
	at org.gradle.process.internal.worker.child.SystemApplicationClassLoaderWorker.call(SystemApplicationClassLoaderWorker.java:133)
	at org.gradle.process.internal.worker.child.SystemApplicationClassLoaderWorker.call(SystemApplicationClassLoaderWorker.java:71)
	at app//worker.org.gradle.process.internal.worker.GradleWorkerMain.run(GradleWorkerMain.java:69)
	at app//worker.org.gradle.process.internal.worker.GradleWorkerMain.main(GradleWorkerMain.java:74)
Caused by: org.h2.jdbc.JdbcSQLException: Syntax error in SQL statement &quot;

CREATE TABLE IF NOT EXISTS REVIEWS (
 ID INT PRIMARY KEY AUTO_INCREMENT,
 WRITTENBY VARCHAR,
 CONTENT VARCHAR,
 RATING VARCHAR,
 RESTAURANTID INTEGER
 CREATEDAT[*] BIGINT
) &quot;; expected &quot;(, FOR, UNSIGNED, NOT, NULL, AS, DEFAULT, GENERATED, NOT, NULL, AUTO_INCREMENT, BIGSERIAL, SERIAL, IDENTITY, NULL_TO_DEFAULT, SEQUENCE, SELECTIVITY, COMMENT, CONSTRAINT, PRIMARY, UNIQUE, NOT, NULL, CHECK, REFERENCES, ,, )&quot;; SQL statement:


CREATE TABLE IF NOT EXISTS reviews (
 id int PRIMARY KEY auto_increment,
 writtenby VARCHAR,
 content VARCHAR,
 rating VARCHAR,
 restaurantid INTEGER
 createdat BIGINT
) [42001-191]
	at app//org.h2.message.DbException.getJdbcSQLException(DbException.java:345)
	at app//org.h2.message.DbException.getSyntaxError(DbException.java:205)
	at app//org.h2.command.Parser.getSyntaxError(Parser.java:535)
	at app//org.h2.command.Parser.read(Parser.java:3170)
	at app//org.h2.command.Parser.readIfMore(Parser.java:873)
	at app//org.h2.command.Parser.parseCreateTable(Parser.java:5930)
	at app//org.h2.command.Parser.parseCreate(Parser.java:4217)
	at app//org.h2.command.Parser.parsePrepared(Parser.java:360)
	at app//org.h2.command.Parser.parse(Parser.java:315)
	at app//org.h2.command.Parser.parse(Parser.java:291)
	at app//org.h2.command.Parser.prepare(Parser.java:236)
	at app//org.h2.engine.Session.prepare(Session.java:525)
	at app//org.h2.engine.Session.prepare(Session.java:512)
	at app//org.h2.command.dml.RunScriptCommand.execute(RunScriptCommand.java:74)
	at app//org.h2.command.dml.RunScriptCommand.update(RunScriptCommand.java:57)
	at app//org.h2.command.CommandContainer.update(CommandContainer.java:98)
	at app//org.h2.command.Command.executeUpdate(Command.java:258)
	at app//org.h2.engine.Engine.openSession(Engine.java:222)
	at app//org.h2.engine.Engine.createSessionAndValidate(Engine.java:153)
	at app//org.h2.engine.Engine.createSession(Engine.java:136)
	at app//org.h2.engine.Engine.createSession(Engine.java:28)
	at app//org.h2.engine.SessionRemote.connectEmbeddedOrServer(SessionRemote.java:349)
	at app//org.h2.jdbc.JdbcConnection.&lt;init&gt;(JdbcConnection.java:107)
	at app//org.h2.jdbc.JdbcConnection.&lt;init&gt;(JdbcConnection.java:91)
	at app//org.h2.Driver.connect(Driver.java:72)
	at platform/java.sql@11.0.17/java.sql.DriverManager.getConnection(DriverManager.java:677)
	at platform/java.sql@11.0.17/java.sql.DriverManager.getConnection(DriverManager.java:189)
	at app//org.sql2o.GenericDatasource.getConnection(GenericDatasource.java:62)
	at app//org.sql2o.Connection.createConnection(Connection.java:288)
	... 44 more
</pre>
</span>
<span class="code">
<pre>java.lang.NullPointerException
	at dao.Sql2oRestaurantDaoTest.tearDown(Sql2oRestaurantDaoTest.java:34)
	at java.base/jdk.internal.reflect.NativeMethodAccessorImpl.invoke0(Native Method)
	at java.base/jdk.internal.reflect.NativeMethodAccessorImpl.invoke(NativeMethodAccessorImpl.java:62)
	at java.base/jdk.internal.reflect.DelegatingMethodAccessorImpl.invoke(DelegatingMethodAccessorImpl.java:43)
	at java.base/java.lang.reflect.Method.invoke(Method.java:566)
	at org.junit.runners.model.FrameworkMethod$1.runReflectiveCall(FrameworkMethod.java:50)
	at org.junit.internal.runners.model.ReflectiveCallable.run(ReflectiveCallable.java:12)
	at org.junit.runners.model.FrameworkMethod.invokeExplosively(FrameworkMethod.java:47)
	at org.junit.internal.runners.statements.RunAfters.evaluate(RunAfters.java:33)
	at org.junit.runners.ParentRunner.runLeaf(ParentRunner.java:325)
	at org.junit.runners.BlockJUnit4ClassRunner.runChild(BlockJUnit4ClassRunner.java:78)
	at org.junit.runners.BlockJUnit4ClassRunner.runChild(BlockJUnit4ClassRunner.java:57)
	at org.junit.runners.ParentRunner$3.run(ParentRunner.java:290)
	at org.junit.runners.ParentRunner$1.schedule(ParentRunner.java:71)
	at org.junit.runners.ParentRunner.runChildren(ParentRunner.java:288)
	at org.junit.runners.ParentRunner.access$000(ParentRunner.java:58)
	at org.junit.runners.ParentRunner$2.evaluate(ParentRunner.java:268)
	at org.junit.runners.ParentRunner.run(ParentRunner.java:363)
	at org.gradle.api.internal.tasks.testing.junit.JUnitTestClassExecutor.runTestClass(JUnitTestClassExecutor.java:110)
	at org.gradle.api.internal.tasks.testing.junit.JUnitTestClassExecutor.execute(JUnitTestClassExecutor.java:58)
	at org.gradle.api.internal.tasks.testing.junit.JUnitTestClassExecutor.execute(JUnitTestClassExecutor.java:38)
	at org.gradle.api.internal.tasks.testing.junit.AbstractJUnitTestClassProcessor.processTestClass(AbstractJUnitTestClassProcessor.java:62)
	at org.gradle.api.internal.tasks.testing.SuiteTestClassProcessor.processTestClass(SuiteTestClassProcessor.java:51)
	at java.base/jdk.internal.reflect.NativeMethodAccessorImpl.invoke0(Native Method)
	at java.base/jdk.internal.reflect.NativeMethodAccessorImpl.invoke(NativeMethodAccessorImpl.java:62)
	at java.base/jdk.internal.reflect.DelegatingMethodAccessorImpl.invoke(DelegatingMethodAccessorImpl.java:43)
	at java.base/java.lang.reflect.Method.invoke(Method.java:566)
	at org.gradle.internal.dispatch.ReflectionDispatch.dispatch(ReflectionDispatch.java:36)
	at org.gradle.internal.dispatch.ReflectionDispatch.dispatch(ReflectionDispatch.java:24)
	at org.gradle.internal.dispatch.ContextClassLoaderDispatch.dispatch(ContextClassLoaderDispatch.java:33)
	at org.gradle.internal.dispatch.ProxyDispatchAdapter$DispatchingInvocationHandler.invoke(ProxyDispatchAdapter.java:94)
	at com.sun.proxy.$Proxy2.processTestClass(Unknown Source)
	at org.gradle.api.internal.tasks.testing.worker.TestWorker$2.run(TestWorker.java:176)
	at org.gradle.api.internal.tasks.testing.worker.TestWorker.executeAndMaintainThreadName(TestWorker.java:129)
	at org.gradle.api.internal.tasks.testing.worker.TestWorker.execute(TestWorker.java:100)
	at org.gradle.api.internal.tasks.testing.worker.TestWorker.execute(TestWorker.java:60)
	at org.gradle.process.internal.worker.child.ActionExecutionWorker.execute(ActionExecutionWorker.java:56)
	at org.gradle.process.internal.worker.child.SystemApplicationClassLoaderWorker.call(SystemApplicationClassLoaderWorker.java:133)
	at org.gradle.process.internal.worker.child.SystemApplicationClassLoaderWorker.call(SystemApplicationClassLoaderWorker.java:71)
	at worker.org.gradle.process.internal.worker.GradleWorkerMain.run(GradleWorkerMain.java:69)
	at worker.org.gradle.process.internal.worker.GradleWorkerMain.main(GradleWorkerMain.java:74)
</pre>
</span>
</div>
</div>
<div id="tab1" class="tab">
<h2>Tests</h2>
<table>
<thead>
<tr>
<th>Test</th>
<th>Duration</th>
<th>Result</th>
</tr>
</thead>
<tr>
<td class="failures">RestaurantReturnsFoodtypesCorrectly</td>
<td class="failures">0.008s</td>
<td class="failures">failed</td>
</tr>
<tr>
<td class="failures">addedRestaurantsAreReturnedFromGetAll</td>
<td class="failures">0.196s</td>
<td class="failures">failed</td>
</tr>
<tr>
<td class="failures">addingFoodSetsId</td>
<td class="failures">0.008s</td>
<td class="failures">failed</td>
</tr>
<tr>
<td class="failures">clearAll</td>
<td class="failures">0.007s</td>
<td class="failures">failed</td>
</tr>
<tr>
<td class="failures">deleteByIdDeletesCorrectRestaurant</td>
<td class="failures">0.009s</td>
<td class="failures">failed</td>
</tr>
<tr>
<td class="failures">findByIdReturnsCorrectRestaurant</td>
<td class="failures">0.007s</td>
<td class="failures">failed</td>
</tr>
<tr>
<td class="failures">noRestaurantsReturnsEmptyList</td>
<td class="failures">0.007s</td>
<td class="failures">failed</td>
</tr>
<tr>
<td class="failures">updateCorrectlyUpdatesAllFields</td>
<td class="failures">0.012s</td>
<td class="failures">failed</td>
</tr>
</table>
</div>
</div>
<div id="footer">
<p>
<div>
<label class="hidden" id="label-for-line-wrapping-toggle" for="line-wrapping-toggle">Wrap lines
<input id="line-wrapping-toggle" type="checkbox" autocomplete="off"/>
</label>
</div>Generated by 
<a href="http://www.gradle.org">Gradle 7.5.1</a> at Jan 27, 2023, 5:23:07 AM</p>
</div>
</div>
</body>
</html>
